<?xml version="1.0" encoding="UTF-8" ?>
<testsuite failures="0" time="10.5" errors="3" skipped="0" tests="7" name="yycg.base.dao.mapper.SysuserMapperTest">
  <properties>
[...]
</properties>
  <testcase time="3.437" classname="yycg.base.dao.mapper.SysuserMapperTest" name="testDeleteByPrimaryKey"/>
  <testcase time="1.577" classname="yycg.base.dao.mapper.SysuserMapperTest" name="testInsert">
    <error message="
### Error updating database.  Cause: java.sql.SQLException: ORA-01400: 无法将 NULL 插入 (&quot;YYCG&quot;.&quot;SYSUSER&quot;.&quot;USERID&quot;)

### The error may involve yycg.base.dao.mapper.SysuserMapper.insert-Inline
### The error occurred while setting parameters
### SQL: insert into SYSUSER (ID, USERID, USERNAME,        GROUPID, PWD, CONTACT,        ADDR, EMAIL, USERSTATE,        REMARK, CREATETIME, SEX,        PHONE, MOVEPHONE, FAX,        LASTUPDATE, VCHAR1, VCHAR2,        VCHAR3, VCHAR4, VCHAR5,        SYSID)     values (?, ?, ?,        ?, ?, ?,        ?, ?, ?,        ?, ?, ?,        ?, ?, ?,        ?, ?, ?,        ?, ?, ?,        ?)
### Cause: java.sql.SQLException: ORA-01400: 无法将 NULL 插入 (&quot;YYCG&quot;.&quot;SYSUSER&quot;.&quot;USERID&quot;)

; SQL []; ORA-01400: 无法将 NULL 插入 (&quot;YYCG&quot;.&quot;SYSUSER&quot;.&quot;USERID&quot;)
; nested exception is java.sql.SQLException: ORA-01400: 无法将 NULL 插入 (&quot;YYCG&quot;.&quot;SYSUSER&quot;.&quot;USERID&quot;)
" type="org.springframework.dao.DataIntegrityViolationException">org.springframework.dao.DataIntegrityViolationException: 
### Error updating database.  Cause: java.sql.SQLException: ORA-01400: 无法将 NULL 插入 (&quot;YYCG&quot;.&quot;SYSUSER&quot;.&quot;USERID&quot;)

### The error may involve yycg.base.dao.mapper.SysuserMapper.insert-Inline
### The error occurred while setting parameters
### SQL: insert into SYSUSER (ID, USERID, USERNAME,        GROUPID, PWD, CONTACT,        ADDR, EMAIL, USERSTATE,        REMARK, CREATETIME, SEX,        PHONE, MOVEPHONE, FAX,        LASTUPDATE, VCHAR1, VCHAR2,        VCHAR3, VCHAR4, VCHAR5,        SYSID)     values (?, ?, ?,        ?, ?, ?,        ?, ?, ?,        ?, ?, ?,        ?, ?, ?,        ?, ?, ?,        ?, ?, ?,        ?)
### Cause: java.sql.SQLException: ORA-01400: 无法将 NULL 插入 (&quot;YYCG&quot;.&quot;SYSUSER&quot;.&quot;USERID&quot;)
; SQL []; ORA-01400: 无法将 NULL 插入 (&quot;YYCG&quot;.&quot;SYSUSER&quot;.&quot;USERID&quot;)
; nested exception is java.sql.SQLException: ORA-01400: 无法将 NULL 插入 (&quot;YYCG&quot;.&quot;SYSUSER&quot;.&quot;USERID&quot;)

	at org.springframework.jdbc.support.SQLErrorCodeSQLExceptionTranslator.doTranslate(SQLErrorCodeSQLExceptionTranslator.java:245)
	at org.springframework.jdbc.support.AbstractFallbackSQLExceptionTranslator.translate(AbstractFallbackSQLExceptionTranslator.java:72)
	at org.mybatis.spring.MyBatisExceptionTranslator.translateExceptionIfPossible(MyBatisExceptionTranslator.java:73)
	at org.mybatis.spring.SqlSessionTemplate$SqlSessionInterceptor.invoke(SqlSessionTemplate.java:371)
	at com.sun.proxy.$Proxy5.insert(Unknown Source)
	at org.mybatis.spring.SqlSessionTemplate.insert(SqlSessionTemplate.java:240)
	at org.apache.ibatis.binding.MapperMethod.execute(MapperMethod.java:46)
	at org.apache.ibatis.binding.MapperProxy.invoke(MapperProxy.java:43)
	at com.sun.proxy.$Proxy6.insert(Unknown Source)
	at yycg.base.dao.mapper.SysuserMapperTest.testInsert(SysuserMapperTest.java:45)
Caused by: java.sql.SQLException: ORA-01400: 无法将 NULL 插入 (&quot;YYCG&quot;.&quot;SYSUSER&quot;.&quot;USERID&quot;)

	at oracle.jdbc.driver.DatabaseError.throwSqlException(DatabaseError.java:112)
	at oracle.jdbc.driver.T4CTTIoer.processError(T4CTTIoer.java:331)
	at oracle.jdbc.driver.T4CTTIoer.processError(T4CTTIoer.java:288)
	at oracle.jdbc.driver.T4C8Oall.receive(T4C8Oall.java:743)
	at oracle.jdbc.driver.T4CPreparedStatement.doOall8(T4CPreparedStatement.java:213)
	at oracle.jdbc.driver.T4CPreparedStatement.executeForRows(T4CPreparedStatement.java:952)
	at oracle.jdbc.driver.OracleStatement.doExecuteWithTimeout(OracleStatement.java:1160)
	at oracle.jdbc.driver.OraclePreparedStatement.executeInternal(OraclePreparedStatement.java:3285)
	at oracle.jdbc.driver.OraclePreparedStatement.execute(OraclePreparedStatement.java:3390)
	at org.apache.commons.dbcp.DelegatingPreparedStatement.execute(DelegatingPreparedStatement.java:169)
	at sun.reflect.NativeMethodAccessorImpl.invoke0(Native Method)
	at sun.reflect.NativeMethodAccessorImpl.invoke(NativeMethodAccessorImpl.java:39)
	at sun.reflect.DelegatingMethodAccessorImpl.invoke(DelegatingMethodAccessorImpl.java:25)
	at java.lang.reflect.Method.invoke(Method.java:597)
	at org.apache.ibatis.logging.jdbc.PreparedStatementLogger.invoke(PreparedStatementLogger.java:55)
	at com.sun.proxy.$Proxy8.execute(Unknown Source)
	at org.apache.ibatis.executor.statement.PreparedStatementHandler.update(PreparedStatementHandler.java:41)
	at org.apache.ibatis.executor.statement.RoutingStatementHandler.update(RoutingStatementHandler.java:66)
	at org.apache.ibatis.executor.SimpleExecutor.doUpdate(SimpleExecutor.java:45)
	at org.apache.ibatis.executor.BaseExecutor.update(BaseExecutor.java:100)
	at org.apache.ibatis.executor.CachingExecutor.update(CachingExecutor.java:75)
	at org.apache.ibatis.session.defaults.DefaultSqlSession.update(DefaultSqlSession.java:148)
	at org.apache.ibatis.session.defaults.DefaultSqlSession.insert(DefaultSqlSession.java:137)
	at sun.reflect.NativeMethodAccessorImpl.invoke0(Native Method)
	at sun.reflect.NativeMethodAccessorImpl.invoke(NativeMethodAccessorImpl.java:39)
	at sun.reflect.DelegatingMethodAccessorImpl.invoke(DelegatingMethodAccessorImpl.java:25)
	at java.lang.reflect.Method.invoke(Method.java:597)
	at org.mybatis.spring.SqlSessionTemplate$SqlSessionInterceptor.invoke(SqlSessionTemplate.java:358)
	... 34 more
</error>
    <system-out>DEBUG [main] - Initializing new StandardEnvironment
DEBUG [main] - Adding [systemProperties] PropertySource with lowest search precedence
DEBUG [main] - Adding [systemEnvironment] PropertySource with lowest search precedence
DEBUG [main] - Initialized StandardEnvironment with PropertySources [systemProperties,systemEnvironment]
 INFO [main] - Refreshing org.springframework.context.support.ClassPathXmlApplicationContext@69107c05: startup date [Mon Dec 10 20:15:07 CST 2018]; root of context hierarchy
DEBUG [main] - Initializing new StandardEnvironment
DEBUG [main] - Adding [systemProperties] PropertySource with lowest search precedence
DEBUG [main] - Adding [systemEnvironment] PropertySource with lowest search precedence
DEBUG [main] - Initialized StandardEnvironment with PropertySources [systemProperties,systemEnvironment]
DEBUG [main] - Initializing new StandardEnvironment
DEBUG [main] - Adding [systemProperties] PropertySource with lowest search precedence
DEBUG [main] - Adding [systemEnvironment] PropertySource with lowest search precedence
DEBUG [main] - Initialized StandardEnvironment with PropertySources [systemProperties,systemEnvironment]
 INFO [main] - Loading XML bean definitions from class path resource [spring/applicationContext.xml]
DEBUG [main] - Using JAXP provider [com.sun.org.apache.xerces.internal.jaxp.DocumentBuilderFactoryImpl]
DEBUG [main] - Loading schema mappings from [META-INF/spring.schemas]
DEBUG [main] - Loaded schema mappings: {http://mybatis.org/schema/mybatis-spring-1.2.xsd=org/mybatis/spring/config/mybatis-spring-1.2.xsd, http://www.springframework.org/schema/util/spring-util.xsd=org/springframework/beans/factory/xml/spring-util-3.1.xsd, http://www.springframework.org/schema/mvc/spring-mvc-3.1.xsd=org/springframework/web/servlet/config/spring-mvc-3.1.xsd, http://www.springframework.org/schema/beans/spring-beans-3.1.xsd=org/springframework/beans/factory/xml/spring-beans-3.1.xsd, http://www.springframework.org/schema/task/spring-task.xsd=org/springframework/scheduling/config/spring-task-3.1.xsd, http://www.springframework.org/schema/cache/spring-cache.xsd=org/springframework/cache/config/spring-cache-3.1.xsd, http://www.springframework.org/schema/aop/spring-aop-3.0.xsd=org/springframework/aop/config/spring-aop-3.0.xsd, http://www.springframework.org/schema/aop/spring-aop-2.0.xsd=org/springframework/aop/config/spring-aop-2.0.xsd, http://www.springframework.org/schema/task/spring-task-3.1.xsd=org/springframework/scheduling/config/spring-task-3.1.xsd, http://www.springframework.org/schema/tool/spring-tool-2.5.xsd=org/springframework/beans/factory/xml/spring-tool-2.5.xsd, http://www.springframework.org/schema/beans/spring-beans.xsd=org/springframework/beans/factory/xml/spring-beans-3.1.xsd, http://www.springframework.org/schema/jee/spring-jee-2.5.xsd=org/springframework/ejb/config/spring-jee-2.5.xsd, http://www.springframework.org/schema/jdbc/spring-jdbc-3.1.xsd=org/springframework/jdbc/config/spring-jdbc-3.1.xsd, http://www.springframework.org/schema/tool/spring-tool-3.1.xsd=org/springframework/beans/factory/xml/spring-tool-3.1.xsd, http://www.springframework.org/schema/aop/spring-aop.xsd=org/springframework/aop/config/spring-aop-3.1.xsd, http://www.springframework.org/schema/jee/spring-jee-3.1.xsd=org/springframework/ejb/config/spring-jee-3.1.xsd, http://www.springframework.org/schema/beans/spring-beans-2.0.xsd=org/springframework/beans/factory/xml/spring-beans-2.0.xsd, http://www.springframework.org/schema/mvc/spring-mvc-3.0.xsd=org/springframework/web/servlet/config/spring-mvc-3.0.xsd, http://www.springframework.org/schema/beans/spring-beans-3.0.xsd=org/springframework/beans/factory/xml/spring-beans-3.0.xsd, http://www.springframework.org/schema/task/spring-task-3.0.xsd=org/springframework/scheduling/config/spring-task-3.0.xsd, http://mybatis.org/schema/mybatis-spring.xsd=org/mybatis/spring/config/mybatis-spring-1.2.xsd, http://www.springframework.org/schema/tx/spring-tx-2.5.xsd=org/springframework/transaction/config/spring-tx-2.5.xsd, http://www.springframework.org/schema/context/spring-context-2.5.xsd=org/springframework/context/config/spring-context-2.5.xsd, http://www.springframework.org/schema/jdbc/spring-jdbc-3.0.xsd=org/springframework/jdbc/config/spring-jdbc-3.0.xsd, http://www.springframework.org/schema/tool/spring-tool-3.0.xsd=org/springframework/beans/factory/xml/spring-tool-3.0.xsd, http://www.springframework.org/schema/tx/spring-tx.xsd=org/springframework/transaction/config/spring-tx-3.1.xsd, http://www.springframework.org/schema/tool/spring-tool-2.0.xsd=org/springframework/beans/factory/xml/spring-tool-2.0.xsd, http://www.springframework.org/schema/util/spring-util-2.5.xsd=org/springframework/beans/factory/xml/spring-util-2.5.xsd, http://www.springframework.org/schema/lang/spring-lang.xsd=org/springframework/scripting/config/spring-lang-3.1.xsd, http://www.springframework.org/schema/lang/spring-lang-2.5.xsd=org/springframework/scripting/config/spring-lang-2.5.xsd, http://www.springframework.org/schema/jee/spring-jee-3.0.xsd=org/springframework/ejb/config/spring-jee-3.0.xsd, http://www.springframework.org/schema/tx/spring-tx-3.1.xsd=org/springframework/transaction/config/spring-tx-3.1.xsd, http://www.springframework.org/schema/jee/spring-jee-2.0.xsd=org/springframework/ejb/config/spring-jee-2.0.xsd, http://www.springframework.org/schema/context/spring-context-3.1.xsd=org/springframework/context/config/spring-context-3.1.xsd, http://www.springframework.org/schema/util/spring-util-3.1.xsd=org/springframework/beans/factory/xml/spring-util-3.1.xsd, http://www.springframework.org/schema/lang/spring-lang-3.1.xsd=org/springframework/scripting/config/spring-lang-3.1.xsd, http://www.springframework.org/schema/cache/spring-cache-3.1.xsd=org/springframework/cache/config/spring-cache-3.1.xsd, http://www.springframework.org/schema/context/spring-context.xsd=org/springframework/context/config/spring-context-3.1.xsd, http://www.springframework.org/schema/jee/spring-jee.xsd=org/springframework/ejb/config/spring-jee-3.1.xsd, http://www.springframework.org/schema/aop/spring-aop-2.5.xsd=org/springframework/aop/config/spring-aop-2.5.xsd, http://www.springframework.org/schema/mvc/spring-mvc.xsd=org/springframework/web/servlet/config/spring-mvc-3.1.xsd, http://www.springframework.org/schema/jdbc/spring-jdbc.xsd=org/springframework/jdbc/config/spring-jdbc-3.1.xsd, http://www.directwebremoting.org/schema/spring-dwr-2.0.xsd=org/directwebremoting/spring/spring-dwr-2.0.xsd, http://www.springframework.org/schema/tx/spring-tx-2.0.xsd=org/springframework/transaction/config/spring-tx-2.0.xsd, http://www.springframework.org/schema/aop/spring-aop-3.1.xsd=org/springframework/aop/config/spring-aop-3.1.xsd, http://www.springframework.org/schema/tx/spring-tx-3.0.xsd=org/springframework/transaction/config/spring-tx-3.0.xsd, http://www.springframework.org/schema/context/spring-context-3.0.xsd=org/springframework/context/config/spring-context-3.0.xsd, http://www.springframework.org/schema/tool/spring-tool.xsd=org/springframework/beans/factory/xml/spring-tool-3.1.xsd, http://www.springframework.org/schema/util/spring-util-3.0.xsd=org/springframework/beans/factory/xml/spring-util-3.0.xsd, http://www.springframework.org/schema/lang/spring-lang-3.0.xsd=org/springframework/scripting/config/spring-lang-3.0.xsd, http://www.springframework.org/schema/util/spring-util-2.0.xsd=org/springframework/beans/factory/xml/spring-util-2.0.xsd, http://www.springframework.org/schema/lang/spring-lang-2.0.xsd=org/springframework/scripting/config/spring-lang-2.0.xsd, http://www.springframework.org/schema/beans/spring-beans-2.5.xsd=org/springframework/beans/factory/xml/spring-beans-2.5.xsd}
DEBUG [main] - Found XML schema [http://www.springframework.org/schema/beans/spring-beans-3.1.xsd] in classpath: org/springframework/beans/factory/xml/spring-beans-3.1.xsd
DEBUG [main] - Found XML schema [http://www.springframework.org/schema/context/spring-context-3.1.xsd] in classpath: org/springframework/context/config/spring-context-3.1.xsd
DEBUG [main] - Found XML schema [http://www.springframework.org/schema/tool/spring-tool-3.1.xsd] in classpath: org/springframework/beans/factory/xml/spring-tool-3.1.xsd
DEBUG [main] - Found XML schema [http://www.springframework.org/schema/tx/spring-tx-3.1.xsd] in classpath: org/springframework/transaction/config/spring-tx-3.1.xsd
DEBUG [main] - Found XML schema [http://www.springframework.org/schema/aop/spring-aop-3.1.xsd] in classpath: org/springframework/aop/config/spring-aop-3.1.xsd
DEBUG [main] - Loading bean definitions
DEBUG [main] - Loaded NamespaceHandler mappings: {http://www.springframework.org/schema/p=org.springframework.beans.factory.xml.SimplePropertyNamespaceHandler, http://www.springframework.org/schema/mvc=org.springframework.web.servlet.config.MvcNamespaceHandler, http://www.springframework.org/schema/util=org.springframework.beans.factory.xml.UtilNamespaceHandler, http://www.springframework.org/schema/jee=org.springframework.ejb.config.JeeNamespaceHandler, http://www.springframework.org/schema/aop=org.springframework.aop.config.AopNamespaceHandler, http://www.springframework.org/schema/jdbc=org.springframework.jdbc.config.JdbcNamespaceHandler, http://www.springframework.org/schema/cache=org.springframework.cache.config.CacheNamespaceHandler, http://mybatis.org/schema/mybatis-spring=org.mybatis.spring.config.NamespaceHandler, http://www.directwebremoting.org/schema/spring-dwr=org.directwebremoting.spring.DwrAnnotationNamespaceHandler, http://www.springframework.org/schema/c=org.springframework.beans.factory.xml.SimpleConstructorNamespaceHandler, http://www.springframework.org/schema/tx=org.springframework.transaction.config.TxNamespaceHandler, http://www.springframework.org/schema/task=org.springframework.scheduling.config.TaskNamespaceHandler, http://www.springframework.org/schema/lang=org.springframework.scripting.config.LangNamespaceHandler, http://www.springframework.org/schema/context=org.springframework.context.config.ContextNamespaceHandler}
DEBUG [main] - Loaded 6 bean definitions from location pattern [spring/applicationContext.xml]
 INFO [main] - Loading XML bean definitions from class path resource [spring/applicationContext-base-dao.xml]
DEBUG [main] - Using JAXP provider [com.sun.org.apache.xerces.internal.jaxp.DocumentBuilderFactoryImpl]
DEBUG [main] - Found XML schema [http://www.springframework.org/schema/beans/spring-beans-3.1.xsd] in classpath: org/springframework/beans/factory/xml/spring-beans-3.1.xsd
DEBUG [main] - Loading bean definitions
DEBUG [main] - Neither XML &apos;id&apos; nor &apos;name&apos; specified - using generated bean name [org.mybatis.spring.mapper.MapperScannerConfigurer#0]
DEBUG [main] - Loaded 2 bean definitions from location pattern [spring/applicationContext-base-dao.xml]
DEBUG [main] - Bean factory for org.springframework.context.support.ClassPathXmlApplicationContext@69107c05: org.springframework.beans.factory.support.DefaultListableBeanFactory@605b28c9: defining beans [org.springframework.context.support.PropertySourcesPlaceholderConfigurer#0,dataSource,transactionManager,txAdvice,org.springframework.aop.config.internalAutoProxyCreator,org.springframework.aop.support.DefaultBeanFactoryPointcutAdvisor#0,sqlSessionFactory,org.mybatis.spring.mapper.MapperScannerConfigurer#0]; root of factory hierarchy
DEBUG [main] - Creating shared instance of singleton bean &apos;org.mybatis.spring.mapper.MapperScannerConfigurer#0&apos;
DEBUG [main] - Creating instance of bean &apos;org.mybatis.spring.mapper.MapperScannerConfigurer#0&apos;
DEBUG [main] - Eagerly caching bean &apos;org.mybatis.spring.mapper.MapperScannerConfigurer#0&apos; to allow for resolving potential circular references
DEBUG [main] - Invoking afterPropertiesSet() on bean with name &apos;org.mybatis.spring.mapper.MapperScannerConfigurer#0&apos;
DEBUG [main] - Finished creating instance of bean &apos;org.mybatis.spring.mapper.MapperScannerConfigurer#0&apos;
DEBUG [main] - Initializing new StandardEnvironment
DEBUG [main] - Adding [systemProperties] PropertySource with lowest search precedence
DEBUG [main] - Adding [systemEnvironment] PropertySource with lowest search precedence
DEBUG [main] - Initialized StandardEnvironment with PropertySources [systemProperties,systemEnvironment]
DEBUG [main] - Looking for matching resources in directory tree [D:\MyWorkspace\eclipse\workspace\yycg-maven\yycgproject\target\test-classes\yycg]
DEBUG [main] - Searching directory [D:\MyWorkspace\eclipse\workspace\yycg-maven\yycgproject\target\test-classes\yycg] for files matching pattern [D:/MyWorkspace/eclipse/workspace/yycg-maven/yycgproject/target/test-classes/yycg/**/dao/mapper/**/*.class]
DEBUG [main] - Searching directory [D:\MyWorkspace\eclipse\workspace\yycg-maven\yycgproject\target\test-classes\yycg\base] for files matching pattern [D:/MyWorkspace/eclipse/workspace/yycg-maven/yycgproject/target/test-classes/yycg/**/dao/mapper/**/*.class]
DEBUG [main] - Searching directory [D:\MyWorkspace\eclipse\workspace\yycg-maven\yycgproject\target\test-classes\yycg\base\dao] for files matching pattern [D:/MyWorkspace/eclipse/workspace/yycg-maven/yycgproject/target/test-classes/yycg/**/dao/mapper/**/*.class]
DEBUG [main] - Searching directory [D:\MyWorkspace\eclipse\workspace\yycg-maven\yycgproject\target\test-classes\yycg\base\dao\mapper] for files matching pattern [D:/MyWorkspace/eclipse/workspace/yycg-maven/yycgproject/target/test-classes/yycg/**/dao/mapper/**/*.class]
DEBUG [main] - Looking for matching resources in directory tree [D:\MyWorkspace\eclipse\workspace\yycg-maven\yycgproject\target\classes\yycg]
DEBUG [main] - Searching directory [D:\MyWorkspace\eclipse\workspace\yycg-maven\yycgproject\target\classes\yycg] for files matching pattern [D:/MyWorkspace/eclipse/workspace/yycg-maven/yycgproject/target/classes/yycg/**/dao/mapper/**/*.class]
DEBUG [main] - Searching directory [D:\MyWorkspace\eclipse\workspace\yycg-maven\yycgproject\target\classes\yycg\base] for files matching pattern [D:/MyWorkspace/eclipse/workspace/yycg-maven/yycgproject/target/classes/yycg/**/dao/mapper/**/*.class]
DEBUG [main] - Searching directory [D:\MyWorkspace\eclipse\workspace\yycg-maven\yycgproject\target\classes\yycg\base\action] for files matching pattern [D:/MyWorkspace/eclipse/workspace/yycg-maven/yycgproject/target/classes/yycg/**/dao/mapper/**/*.class]
DEBUG [main] - Searching directory [D:\MyWorkspace\eclipse\workspace\yycg-maven\yycgproject\target\classes\yycg\base\action\converters] for files matching pattern [D:/MyWorkspace/eclipse/workspace/yycg-maven/yycgproject/target/classes/yycg/**/dao/mapper/**/*.class]
DEBUG [main] - Searching directory [D:\MyWorkspace\eclipse\workspace\yycg-maven\yycgproject\target\classes\yycg\base\dao] for files matching pattern [D:/MyWorkspace/eclipse/workspace/yycg-maven/yycgproject/target/classes/yycg/**/dao/mapper/**/*.class]
DEBUG [main] - Searching directory [D:\MyWorkspace\eclipse\workspace\yycg-maven\yycgproject\target\classes\yycg\base\dao\mapper] for files matching pattern [D:/MyWorkspace/eclipse/workspace/yycg-maven/yycgproject/target/classes/yycg/**/dao/mapper/**/*.class]
DEBUG [main] - Searching directory [D:\MyWorkspace\eclipse\workspace\yycg-maven\yycgproject\target\classes\yycg\base\filter] for files matching pattern [D:/MyWorkspace/eclipse/workspace/yycg-maven/yycgproject/target/classes/yycg/**/dao/mapper/**/*.class]
DEBUG [main] - Searching directory [D:\MyWorkspace\eclipse\workspace\yycg-maven\yycgproject\target\classes\yycg\base\pojo] for files matching pattern [D:/MyWorkspace/eclipse/workspace/yycg-maven/yycgproject/target/classes/yycg/**/dao/mapper/**/*.class]
DEBUG [main] - Searching directory [D:\MyWorkspace\eclipse\workspace\yycg-maven\yycgproject\target\classes\yycg\base\pojo\po] for files matching pattern [D:/MyWorkspace/eclipse/workspace/yycg-maven/yycgproject/target/classes/yycg/**/dao/mapper/**/*.class]
DEBUG [main] - Searching directory [D:\MyWorkspace\eclipse\workspace\yycg-maven\yycgproject\target\classes\yycg\base\pojo\vo] for files matching pattern [D:/MyWorkspace/eclipse/workspace/yycg-maven/yycgproject/target/classes/yycg/**/dao/mapper/**/*.class]
DEBUG [main] - Searching directory [D:\MyWorkspace\eclipse\workspace\yycg-maven\yycgproject\target\classes\yycg\base\process] for files matching pattern [D:/MyWorkspace/eclipse/workspace/yycg-maven/yycgproject/target/classes/yycg/**/dao/mapper/**/*.class]
DEBUG [main] - Searching directory [D:\MyWorkspace\eclipse\workspace\yycg-maven\yycgproject\target\classes\yycg\base\process\context] for files matching pattern [D:/MyWorkspace/eclipse/workspace/yycg-maven/yycgproject/target/classes/yycg/**/dao/mapper/**/*.class]
DEBUG [main] - Searching directory [D:\MyWorkspace\eclipse\workspace\yycg-maven\yycgproject\target\classes\yycg\base\process\exception] for files matching pattern [D:/MyWorkspace/eclipse/workspace/yycg-maven/yycgproject/target/classes/yycg/**/dao/mapper/**/*.class]
DEBUG [main] - Searching directory [D:\MyWorkspace\eclipse\workspace\yycg-maven\yycgproject\target\classes\yycg\base\process\result] for files matching pattern [D:/MyWorkspace/eclipse/workspace/yycg-maven/yycgproject/target/classes/yycg/**/dao/mapper/**/*.class]
DEBUG [main] - Searching directory [D:\MyWorkspace\eclipse\workspace\yycg-maven\yycgproject\target\classes\yycg\base\service] for files matching pattern [D:/MyWorkspace/eclipse/workspace/yycg-maven/yycgproject/target/classes/yycg/**/dao/mapper/**/*.class]
DEBUG [main] - Searching directory [D:\MyWorkspace\eclipse\workspace\yycg-maven\yycgproject\target\classes\yycg\base\service\impl] for files matching pattern [D:/MyWorkspace/eclipse/workspace/yycg-maven/yycgproject/target/classes/yycg/**/dao/mapper/**/*.class]
DEBUG [main] - Searching directory [D:\MyWorkspace\eclipse\workspace\yycg-maven\yycgproject\target\classes\yycg\business] for files matching pattern [D:/MyWorkspace/eclipse/workspace/yycg-maven/yycgproject/target/classes/yycg/**/dao/mapper/**/*.class]
DEBUG [main] - Searching directory [D:\MyWorkspace\eclipse\workspace\yycg-maven\yycgproject\target\classes\yycg\business\action] for files matching pattern [D:/MyWorkspace/eclipse/workspace/yycg-maven/yycgproject/target/classes/yycg/**/dao/mapper/**/*.class]
DEBUG [main] - Searching directory [D:\MyWorkspace\eclipse\workspace\yycg-maven\yycgproject\target\classes\yycg\business\dao] for files matching pattern [D:/MyWorkspace/eclipse/workspace/yycg-maven/yycgproject/target/classes/yycg/**/dao/mapper/**/*.class]
DEBUG [main] - Searching directory [D:\MyWorkspace\eclipse\workspace\yycg-maven\yycgproject\target\classes\yycg\business\dao\mapper] for files matching pattern [D:/MyWorkspace/eclipse/workspace/yycg-maven/yycgproject/target/classes/yycg/**/dao/mapper/**/*.class]
DEBUG [main] - Searching directory [D:\MyWorkspace\eclipse\workspace\yycg-maven\yycgproject\target\classes\yycg\business\pojo] for files matching pattern [D:/MyWorkspace/eclipse/workspace/yycg-maven/yycgproject/target/classes/yycg/**/dao/mapper/**/*.class]
DEBUG [main] - Searching directory [D:\MyWorkspace\eclipse\workspace\yycg-maven\yycgproject\target\classes\yycg\business\pojo\po] for files matching pattern [D:/MyWorkspace/eclipse/workspace/yycg-maven/yycgproject/target/classes/yycg/**/dao/mapper/**/*.class]
DEBUG [main] - Searching directory [D:\MyWorkspace\eclipse\workspace\yycg-maven\yycgproject\target\classes\yycg\business\pojo\vo] for files matching pattern [D:/MyWorkspace/eclipse/workspace/yycg-maven/yycgproject/target/classes/yycg/**/dao/mapper/**/*.class]
DEBUG [main] - Searching directory [D:\MyWorkspace\eclipse\workspace\yycg-maven\yycgproject\target\classes\yycg\business\service] for files matching pattern [D:/MyWorkspace/eclipse/workspace/yycg-maven/yycgproject/target/classes/yycg/**/dao/mapper/**/*.class]
DEBUG [main] - Searching directory [D:\MyWorkspace\eclipse\workspace\yycg-maven\yycgproject\target\classes\yycg\business\service\impl] for files matching pattern [D:/MyWorkspace/eclipse/workspace/yycg-maven/yycgproject/target/classes/yycg/**/dao/mapper/**/*.class]
DEBUG [main] - Looking for matching resources in jar file [file:/D:/MyWorkspace/repository/yycg/yycgutil/0.0.1-SNAPSHOT/yycgutil-0.0.1-SNAPSHOT.jar]
DEBUG [main] - Resolved location pattern [classpath*:yycg/**/dao/mapper/**/*.class] to resources [file [D:\MyWorkspace\eclipse\workspace\yycg-maven\yycgproject\target\test-classes\yycg\base\dao\mapper\SysuserCustomMapperTest.class], file [D:\MyWorkspace\eclipse\workspace\yycg-maven\yycgproject\target\test-classes\yycg\base\dao\mapper\SysuserMapperTest.class], file [D:\MyWorkspace\eclipse\workspace\yycg-maven\yycgproject\target\classes\yycg\base\dao\mapper\BasicinfoMapper.class], file [D:\MyWorkspace\eclipse\workspace\yycg-maven\yycgproject\target\classes\yycg\base\dao\mapper\BssSysAreaMapper.class], file [D:\MyWorkspace\eclipse\workspace\yycg-maven\yycgproject\target\classes\yycg\base\dao\mapper\DictinfoMapper.class], file [D:\MyWorkspace\eclipse\workspace\yycg-maven\yycgproject\target\classes\yycg\base\dao\mapper\DicttypeMapper.class], file [D:\MyWorkspace\eclipse\workspace\yycg-maven\yycgproject\target\classes\yycg\base\dao\mapper\ModuleMapper.class], file [D:\MyWorkspace\eclipse\workspace\yycg-maven\yycgproject\target\classes\yycg\base\dao\mapper\OperateMapper.class], file [D:\MyWorkspace\eclipse\workspace\yycg-maven\yycgproject\target\classes\yycg\base\dao\mapper\RoleMapper.class], file [D:\MyWorkspace\eclipse\workspace\yycg-maven\yycgproject\target\classes\yycg\base\dao\mapper\RolemoduleMapper.class], file [D:\MyWorkspace\eclipse\workspace\yycg-maven\yycgproject\target\classes\yycg\base\dao\mapper\RoleoperateMapper.class], file [D:\MyWorkspace\eclipse\workspace\yycg-maven\yycgproject\target\classes\yycg\base\dao\mapper\SysuserMapper.class], file [D:\MyWorkspace\eclipse\workspace\yycg-maven\yycgproject\target\classes\yycg\base\dao\mapper\SysuserMapperCustom.class], file [D:\MyWorkspace\eclipse\workspace\yycg-maven\yycgproject\target\classes\yycg\base\dao\mapper\UsergysareaMapper.class], file [D:\MyWorkspace\eclipse\workspace\yycg-maven\yycgproject\target\classes\yycg\base\dao\mapper\UsergysMapper.class], file [D:\MyWorkspace\eclipse\workspace\yycg-maven\yycgproject\target\classes\yycg\base\dao\mapper\UserjdMapper.class], file [D:\MyWorkspace\eclipse\workspace\yycg-maven\yycgproject\target\classes\yycg\base\dao\mapper\UseryyMapper.class], file [D:\MyWorkspace\eclipse\workspace\yycg-maven\yycgproject\target\classes\yycg\business\dao\mapper\GysypmlControlMapper.class], file [D:\MyWorkspace\eclipse\workspace\yycg-maven\yycgproject\target\classes\yycg\business\dao\mapper\GysypmlMapper.class], file [D:\MyWorkspace\eclipse\workspace\yycg-maven\yycgproject\target\classes\yycg\business\dao\mapper\GysypmlMapperCustom.class], file [D:\MyWorkspace\eclipse\workspace\yycg-maven\yycgproject\target\classes\yycg\business\dao\mapper\YpxxMapper.class], file [D:\MyWorkspace\eclipse\workspace\yycg-maven\yycgproject\target\classes\yycg\business\dao\mapper\YpxxMapperCustom.class], file [D:\MyWorkspace\eclipse\workspace\yycg-maven\yycgproject\target\classes\yycg\business\dao\mapper\YybusinessMapper.class], file [D:\MyWorkspace\eclipse\workspace\yycg-maven\yycgproject\target\classes\yycg\business\dao\mapper\YybusinessMapperCustom.class], file [D:\MyWorkspace\eclipse\workspace\yycg-maven\yycgproject\target\classes\yycg\business\dao\mapper\YycgdMapper.class], file [D:\MyWorkspace\eclipse\workspace\yycg-maven\yycgproject\target\classes\yycg\business\dao\mapper\YycgdMapperCustom.class], file [D:\MyWorkspace\eclipse\workspace\yycg-maven\yycgproject\target\classes\yycg\business\dao\mapper\YycgdmxMapper.class], file [D:\MyWorkspace\eclipse\workspace\yycg-maven\yycgproject\target\classes\yycg\business\dao\mapper\YycgdrkMapper.class]]
DEBUG [main] - Ignored because not a concrete top-level class: file [D:\MyWorkspace\eclipse\workspace\yycg-maven\yycgproject\target\test-classes\yycg\base\dao\mapper\SysuserCustomMapperTest.class]
DEBUG [main] - Ignored because not a concrete top-level class: file [D:\MyWorkspace\eclipse\workspace\yycg-maven\yycgproject\target\test-classes\yycg\base\dao\mapper\SysuserMapperTest.class]
DEBUG [main] - Identified candidate component class: file [D:\MyWorkspace\eclipse\workspace\yycg-maven\yycgproject\target\classes\yycg\base\dao\mapper\BasicinfoMapper.class]
DEBUG [main] - Identified candidate component class: file [D:\MyWorkspace\eclipse\workspace\yycg-maven\yycgproject\target\classes\yycg\base\dao\mapper\BssSysAreaMapper.class]
DEBUG [main] - Identified candidate component class: file [D:\MyWorkspace\eclipse\workspace\yycg-maven\yycgproject\target\classes\yycg\base\dao\mapper\DictinfoMapper.class]
DEBUG [main] - Identified candidate component class: file [D:\MyWorkspace\eclipse\workspace\yycg-maven\yycgproject\target\classes\yycg\base\dao\mapper\DicttypeMapper.class]
DEBUG [main] - Identified candidate component class: file [D:\MyWorkspace\eclipse\workspace\yycg-maven\yycgproject\target\classes\yycg\base\dao\mapper\ModuleMapper.class]
DEBUG [main] - Identified candidate component class: file [D:\MyWorkspace\eclipse\workspace\yycg-maven\yycgproject\target\classes\yycg\base\dao\mapper\OperateMapper.class]
DEBUG [main] - Identified candidate component class: file [D:\MyWorkspace\eclipse\workspace\yycg-maven\yycgproject\target\classes\yycg\base\dao\mapper\RoleMapper.class]
DEBUG [main] - Identified candidate component class: file [D:\MyWorkspace\eclipse\workspace\yycg-maven\yycgproject\target\classes\yycg\base\dao\mapper\RolemoduleMapper.class]
DEBUG [main] - Identified candidate component class: file [D:\MyWorkspace\eclipse\workspace\yycg-maven\yycgproject\target\classes\yycg\base\dao\mapper\RoleoperateMapper.class]
DEBUG [main] - Identified candidate component class: file [D:\MyWorkspace\eclipse\workspace\yycg-maven\yycgproject\target\classes\yycg\base\dao\mapper\SysuserMapper.class]
DEBUG [main] - Identified candidate component class: file [D:\MyWorkspace\eclipse\workspace\yycg-maven\yycgproject\target\classes\yycg\base\dao\mapper\SysuserMapperCustom.class]
DEBUG [main] - Identified candidate component class: file [D:\MyWorkspace\eclipse\workspace\yycg-maven\yycgproject\target\classes\yycg\base\dao\mapper\UsergysareaMapper.class]
DEBUG [main] - Identified candidate component class: file [D:\MyWorkspace\eclipse\workspace\yycg-maven\yycgproject\target\classes\yycg\base\dao\mapper\UsergysMapper.class]
DEBUG [main] - Identified candidate component class: file [D:\MyWorkspace\eclipse\workspace\yycg-maven\yycgproject\target\classes\yycg\base\dao\mapper\UserjdMapper.class]
DEBUG [main] - Identified candidate component class: file [D:\MyWorkspace\eclipse\workspace\yycg-maven\yycgproject\target\classes\yycg\base\dao\mapper\UseryyMapper.class]
DEBUG [main] - Identified candidate component class: file [D:\MyWorkspace\eclipse\workspace\yycg-maven\yycgproject\target\classes\yycg\business\dao\mapper\GysypmlControlMapper.class]
DEBUG [main] - Identified candidate component class: file [D:\MyWorkspace\eclipse\workspace\yycg-maven\yycgproject\target\classes\yycg\business\dao\mapper\GysypmlMapper.class]
DEBUG [main] - Identified candidate component class: file [D:\MyWorkspace\eclipse\workspace\yycg-maven\yycgproject\target\classes\yycg\business\dao\mapper\GysypmlMapperCustom.class]
DEBUG [main] - Identified candidate component class: file [D:\MyWorkspace\eclipse\workspace\yycg-maven\yycgproject\target\classes\yycg\business\dao\mapper\YpxxMapper.class]
DEBUG [main] - Identified candidate component class: file [D:\MyWorkspace\eclipse\workspace\yycg-maven\yycgproject\target\classes\yycg\business\dao\mapper\YpxxMapperCustom.class]
DEBUG [main] - Identified candidate component class: file [D:\MyWorkspace\eclipse\workspace\yycg-maven\yycgproject\target\classes\yycg\business\dao\mapper\YybusinessMapper.class]
DEBUG [main] - Identified candidate component class: file [D:\MyWorkspace\eclipse\workspace\yycg-maven\yycgproject\target\classes\yycg\business\dao\mapper\YybusinessMapperCustom.class]
DEBUG [main] - Identified candidate component class: file [D:\MyWorkspace\eclipse\workspace\yycg-maven\yycgproject\target\classes\yycg\business\dao\mapper\YycgdMapper.class]
DEBUG [main] - Identified candidate component class: file [D:\MyWorkspace\eclipse\workspace\yycg-maven\yycgproject\target\classes\yycg\business\dao\mapper\YycgdMapperCustom.class]
DEBUG [main] - Identified candidate component class: file [D:\MyWorkspace\eclipse\workspace\yycg-maven\yycgproject\target\classes\yycg\business\dao\mapper\YycgdmxMapper.class]
DEBUG [main] - Identified candidate component class: file [D:\MyWorkspace\eclipse\workspace\yycg-maven\yycgproject\target\classes\yycg\business\dao\mapper\YycgdrkMapper.class]
DEBUG [main] - Creating MapperFactoryBean with name &apos;basicinfoMapper&apos; and &apos;yycg.base.dao.mapper.BasicinfoMapper&apos; mapperInterface
DEBUG [main] - Creating MapperFactoryBean with name &apos;bssSysAreaMapper&apos; and &apos;yycg.base.dao.mapper.BssSysAreaMapper&apos; mapperInterface
DEBUG [main] - Creating MapperFactoryBean with name &apos;dictinfoMapper&apos; and &apos;yycg.base.dao.mapper.DictinfoMapper&apos; mapperInterface
DEBUG [main] - Creating MapperFactoryBean with name &apos;dicttypeMapper&apos; and &apos;yycg.base.dao.mapper.DicttypeMapper&apos; mapperInterface
DEBUG [main] - Creating MapperFactoryBean with name &apos;moduleMapper&apos; and &apos;yycg.base.dao.mapper.ModuleMapper&apos; mapperInterface
DEBUG [main] - Creating MapperFactoryBean with name &apos;operateMapper&apos; and &apos;yycg.base.dao.mapper.OperateMapper&apos; mapperInterface
DEBUG [main] - Creating MapperFactoryBean with name &apos;roleMapper&apos; and &apos;yycg.base.dao.mapper.RoleMapper&apos; mapperInterface
DEBUG [main] - Creating MapperFactoryBean with name &apos;rolemoduleMapper&apos; and &apos;yycg.base.dao.mapper.RolemoduleMapper&apos; mapperInterface
DEBUG [main] - Creating MapperFactoryBean with name &apos;roleoperateMapper&apos; and &apos;yycg.base.dao.mapper.RoleoperateMapper&apos; mapperInterface
DEBUG [main] - Creating MapperFactoryBean with name &apos;sysuserMapper&apos; and &apos;yycg.base.dao.mapper.SysuserMapper&apos; mapperInterface
DEBUG [main] - Creating MapperFactoryBean with name &apos;sysuserMapperCustom&apos; and &apos;yycg.base.dao.mapper.SysuserMapperCustom&apos; mapperInterface
DEBUG [main] - Creating MapperFactoryBean with name &apos;usergysareaMapper&apos; and &apos;yycg.base.dao.mapper.UsergysareaMapper&apos; mapperInterface
DEBUG [main] - Creating MapperFactoryBean with name &apos;usergysMapper&apos; and &apos;yycg.base.dao.mapper.UsergysMapper&apos; mapperInterface
DEBUG [main] - Creating MapperFactoryBean with name &apos;userjdMapper&apos; and &apos;yycg.base.dao.mapper.UserjdMapper&apos; mapperInterface
DEBUG [main] - Creating MapperFactoryBean with name &apos;useryyMapper&apos; and &apos;yycg.base.dao.mapper.UseryyMapper&apos; mapperInterface
DEBUG [main] - Creating MapperFactoryBean with name &apos;gysypmlControlMapper&apos; and &apos;yycg.business.dao.mapper.GysypmlControlMapper&apos; mapperInterface
DEBUG [main] - Creating MapperFactoryBean with name &apos;gysypmlMapper&apos; and &apos;yycg.business.dao.mapper.GysypmlMapper&apos; mapperInterface
DEBUG [main] - Creating MapperFactoryBean with name &apos;gysypmlMapperCustom&apos; and &apos;yycg.business.dao.mapper.GysypmlMapperCustom&apos; mapperInterface
DEBUG [main] - Creating MapperFactoryBean with name &apos;ypxxMapper&apos; and &apos;yycg.business.dao.mapper.YpxxMapper&apos; mapperInterface
DEBUG [main] - Creating MapperFactoryBean with name &apos;ypxxMapperCustom&apos; and &apos;yycg.business.dao.mapper.YpxxMapperCustom&apos; mapperInterface
DEBUG [main] - Creating MapperFactoryBean with name &apos;yybusinessMapper&apos; and &apos;yycg.business.dao.mapper.YybusinessMapper&apos; mapperInterface
DEBUG [main] - Creating MapperFactoryBean with name &apos;yybusinessMapperCustom&apos; and &apos;yycg.business.dao.mapper.YybusinessMapperCustom&apos; mapperInterface
DEBUG [main] - Creating MapperFactoryBean with name &apos;yycgdMapper&apos; and &apos;yycg.business.dao.mapper.YycgdMapper&apos; mapperInterface
DEBUG [main] - Creating MapperFactoryBean with name &apos;yycgdMapperCustom&apos; and &apos;yycg.business.dao.mapper.YycgdMapperCustom&apos; mapperInterface
DEBUG [main] - Creating MapperFactoryBean with name &apos;yycgdmxMapper&apos; and &apos;yycg.business.dao.mapper.YycgdmxMapper&apos; mapperInterface
DEBUG [main] - Creating MapperFactoryBean with name &apos;yycgdrkMapper&apos; and &apos;yycg.business.dao.mapper.YycgdrkMapper&apos; mapperInterface
DEBUG [main] - Creating shared instance of singleton bean &apos;org.springframework.context.support.PropertySourcesPlaceholderConfigurer#0&apos;
DEBUG [main] - Creating instance of bean &apos;org.springframework.context.support.PropertySourcesPlaceholderConfigurer#0&apos;
DEBUG [main] - Eagerly caching bean &apos;org.springframework.context.support.PropertySourcesPlaceholderConfigurer#0&apos; to allow for resolving potential circular references
DEBUG [main] - Finished creating instance of bean &apos;org.springframework.context.support.PropertySourcesPlaceholderConfigurer#0&apos;
DEBUG [main] - Adding [environmentProperties] PropertySource with lowest search precedence
 INFO [main] - Loading properties file from class path resource [db.properties]
DEBUG [main] - Adding [localProperties] PropertySource with lowest search precedence
DEBUG [main] - Searching for key &apos;jdbc.driver&apos; in [environmentProperties]
DEBUG [main] - Searching for key &apos;jdbc.driver&apos; in [systemProperties]
DEBUG [main] - Searching for key &apos;jdbc.driver&apos; in [systemEnvironment]
DEBUG [main] - Could not find key &apos;jdbc.driver&apos; in any property source. Returning [null]
DEBUG [main] - Searching for key &apos;jdbc.driver&apos; in [localProperties]
DEBUG [main] - Found key &apos;jdbc.driver&apos; in [localProperties] with type [String] and value &apos;oracle.jdbc.driver.OracleDriver&apos;
DEBUG [main] - Searching for key &apos;jdbc.url&apos; in [environmentProperties]
DEBUG [main] - Searching for key &apos;jdbc.url&apos; in [systemProperties]
DEBUG [main] - Searching for key &apos;jdbc.url&apos; in [systemEnvironment]
DEBUG [main] - Could not find key &apos;jdbc.url&apos; in any property source. Returning [null]
DEBUG [main] - Searching for key &apos;jdbc.url&apos; in [localProperties]
DEBUG [main] - Found key &apos;jdbc.url&apos; in [localProperties] with type [String] and value &apos;jdbc:oracle:thin:@127.0.0.1:1521:oracle&apos;
DEBUG [main] - Searching for key &apos;jdbc.username&apos; in [environmentProperties]
DEBUG [main] - Searching for key &apos;jdbc.username&apos; in [systemProperties]
DEBUG [main] - Searching for key &apos;jdbc.username&apos; in [systemEnvironment]
DEBUG [main] - Could not find key &apos;jdbc.username&apos; in any property source. Returning [null]
DEBUG [main] - Searching for key &apos;jdbc.username&apos; in [localProperties]
DEBUG [main] - Found key &apos;jdbc.username&apos; in [localProperties] with type [String] and value &apos;yycg&apos;
DEBUG [main] - Searching for key &apos;jdbc.password&apos; in [environmentProperties]
DEBUG [main] - Searching for key &apos;jdbc.password&apos; in [systemProperties]
DEBUG [main] - Searching for key &apos;jdbc.password&apos; in [systemEnvironment]
DEBUG [main] - Could not find key &apos;jdbc.password&apos; in any property source. Returning [null]
DEBUG [main] - Searching for key &apos;jdbc.password&apos; in [localProperties]
DEBUG [main] - Found key &apos;jdbc.password&apos; in [localProperties] with type [String] and value &apos;yycg&apos;
DEBUG [main] - Searching for key &apos;jdbc.maxActive&apos; in [environmentProperties]
DEBUG [main] - Searching for key &apos;jdbc.maxActive&apos; in [systemProperties]
DEBUG [main] - Searching for key &apos;jdbc.maxActive&apos; in [systemEnvironment]
DEBUG [main] - Could not find key &apos;jdbc.maxActive&apos; in any property source. Returning [null]
DEBUG [main] - Searching for key &apos;jdbc.maxActive&apos; in [localProperties]
DEBUG [main] - Found key &apos;jdbc.maxActive&apos; in [localProperties] with type [String] and value &apos;5&apos;
DEBUG [main] - Searching for key &apos;jdbc.maxIdle&apos; in [environmentProperties]
DEBUG [main] - Searching for key &apos;jdbc.maxIdle&apos; in [systemProperties]
DEBUG [main] - Searching for key &apos;jdbc.maxIdle&apos; in [systemEnvironment]
DEBUG [main] - Could not find key &apos;jdbc.maxIdle&apos; in any property source. Returning [null]
DEBUG [main] - Searching for key &apos;jdbc.maxIdle&apos; in [localProperties]
DEBUG [main] - Found key &apos;jdbc.maxIdle&apos; in [localProperties] with type [String] and value &apos;2&apos;
DEBUG [main] - Creating shared instance of singleton bean &apos;org.springframework.context.annotation.internalConfigurationAnnotationProcessor&apos;
DEBUG [main] - Creating instance of bean &apos;org.springframework.context.annotation.internalConfigurationAnnotationProcessor&apos;
DEBUG [main] - Eagerly caching bean &apos;org.springframework.context.annotation.internalConfigurationAnnotationProcessor&apos; to allow for resolving potential circular references
DEBUG [main] - Finished creating instance of bean &apos;org.springframework.context.annotation.internalConfigurationAnnotationProcessor&apos;
DEBUG [main] - Creating shared instance of singleton bean &apos;org.springframework.context.annotation.internalAutowiredAnnotationProcessor&apos;
DEBUG [main] - Creating instance of bean &apos;org.springframework.context.annotation.internalAutowiredAnnotationProcessor&apos;
DEBUG [main] - Eagerly caching bean &apos;org.springframework.context.annotation.internalAutowiredAnnotationProcessor&apos; to allow for resolving potential circular references
DEBUG [main] - Finished creating instance of bean &apos;org.springframework.context.annotation.internalAutowiredAnnotationProcessor&apos;
DEBUG [main] - Creating shared instance of singleton bean &apos;org.springframework.context.annotation.internalRequiredAnnotationProcessor&apos;
DEBUG [main] - Creating instance of bean &apos;org.springframework.context.annotation.internalRequiredAnnotationProcessor&apos;
DEBUG [main] - Eagerly caching bean &apos;org.springframework.context.annotation.internalRequiredAnnotationProcessor&apos; to allow for resolving potential circular references
DEBUG [main] - Finished creating instance of bean &apos;org.springframework.context.annotation.internalRequiredAnnotationProcessor&apos;
DEBUG [main] - Creating shared instance of singleton bean &apos;org.springframework.context.annotation.internalCommonAnnotationProcessor&apos;
DEBUG [main] - Creating instance of bean &apos;org.springframework.context.annotation.internalCommonAnnotationProcessor&apos;
DEBUG [main] - Eagerly caching bean &apos;org.springframework.context.annotation.internalCommonAnnotationProcessor&apos; to allow for resolving potential circular references
DEBUG [main] - Finished creating instance of bean &apos;org.springframework.context.annotation.internalCommonAnnotationProcessor&apos;
DEBUG [main] - Creating shared instance of singleton bean &apos;org.springframework.aop.config.internalAutoProxyCreator&apos;
DEBUG [main] - Creating instance of bean &apos;org.springframework.aop.config.internalAutoProxyCreator&apos;
DEBUG [main] - Eagerly caching bean &apos;org.springframework.aop.config.internalAutoProxyCreator&apos; to allow for resolving potential circular references
DEBUG [main] - Finished creating instance of bean &apos;org.springframework.aop.config.internalAutoProxyCreator&apos;
DEBUG [main] - Unable to locate MessageSource with name &apos;messageSource&apos;: using default [org.springframework.context.support.DelegatingMessageSource@51e2a069]
DEBUG [main] - Unable to locate ApplicationEventMulticaster with name &apos;applicationEventMulticaster&apos;: using default [org.springframework.context.event.SimpleApplicationEventMulticaster@7591777e]
 INFO [main] - Pre-instantiating singletons in org.springframework.beans.factory.support.DefaultListableBeanFactory@605b28c9: defining beans [org.springframework.context.support.PropertySourcesPlaceholderConfigurer#0,dataSource,transactionManager,txAdvice,org.springframework.aop.config.internalAutoProxyCreator,org.springframework.aop.support.DefaultBeanFactoryPointcutAdvisor#0,sqlSessionFactory,org.mybatis.spring.mapper.MapperScannerConfigurer#0,basicinfoMapper,bssSysAreaMapper,dictinfoMapper,dicttypeMapper,moduleMapper,operateMapper,roleMapper,rolemoduleMapper,roleoperateMapper,sysuserMapper,sysuserMapperCustom,usergysareaMapper,usergysMapper,userjdMapper,useryyMapper,gysypmlControlMapper,gysypmlMapper,gysypmlMapperCustom,ypxxMapper,ypxxMapperCustom,yybusinessMapper,yybusinessMapperCustom,yycgdMapper,yycgdMapperCustom,yycgdmxMapper,yycgdrkMapper,org.springframework.context.annotation.internalConfigurationAnnotationProcessor,org.springframework.context.annotation.internalAutowiredAnnotationProcessor,org.springframework.context.annotation.internalRequiredAnnotationProcessor,org.springframework.context.annotation.internalCommonAnnotationProcessor]; root of factory hierarchy
DEBUG [main] - Returning cached instance of singleton bean &apos;org.springframework.context.support.PropertySourcesPlaceholderConfigurer#0&apos;
DEBUG [main] - Creating shared instance of singleton bean &apos;dataSource&apos;
DEBUG [main] - Creating instance of bean &apos;dataSource&apos;
DEBUG [main] - Creating shared instance of singleton bean &apos;org.springframework.aop.support.DefaultBeanFactoryPointcutAdvisor#0&apos;
DEBUG [main] - Creating instance of bean &apos;org.springframework.aop.support.DefaultBeanFactoryPointcutAdvisor#0&apos;
DEBUG [main] - Eagerly caching bean &apos;org.springframework.aop.support.DefaultBeanFactoryPointcutAdvisor#0&apos; to allow for resolving potential circular references
DEBUG [main] - Creating instance of bean &apos;(inner bean)&apos;
DEBUG [main] - Finished creating instance of bean &apos;(inner bean)&apos;
DEBUG [main] - Finished creating instance of bean &apos;org.springframework.aop.support.DefaultBeanFactoryPointcutAdvisor#0&apos;
DEBUG [main] - Eagerly caching bean &apos;dataSource&apos; to allow for resolving potential circular references
DEBUG [main] - Initializing new StandardEnvironment
DEBUG [main] - Adding [systemProperties] PropertySource with lowest search precedence
DEBUG [main] - Adding [systemEnvironment] PropertySource with lowest search precedence
DEBUG [main] - Initialized StandardEnvironment with PropertySources [systemProperties,systemEnvironment]
DEBUG [main] - Initializing new StandardEnvironment
DEBUG [main] - Adding [systemProperties] PropertySource with lowest search precedence
DEBUG [main] - Adding [systemEnvironment] PropertySource with lowest search precedence
DEBUG [main] - Initialized StandardEnvironment with PropertySources [systemProperties,systemEnvironment]
DEBUG [main] - Initializing new StandardEnvironment
DEBUG [main] - Adding [systemProperties] PropertySource with lowest search precedence
DEBUG [main] - Adding [systemEnvironment] PropertySource with lowest search precedence
DEBUG [main] - Initialized StandardEnvironment with PropertySources [systemProperties,systemEnvironment]
DEBUG [main] - Initializing new StandardEnvironment
DEBUG [main] - Adding [systemProperties] PropertySource with lowest search precedence
DEBUG [main] - Adding [systemEnvironment] PropertySource with lowest search precedence
DEBUG [main] - Initialized StandardEnvironment with PropertySources [systemProperties,systemEnvironment]
DEBUG [main] - Initializing new StandardEnvironment
DEBUG [main] - Adding [systemProperties] PropertySource with lowest search precedence
DEBUG [main] - Adding [systemEnvironment] PropertySource with lowest search precedence
DEBUG [main] - Initialized StandardEnvironment with PropertySources [systemProperties,systemEnvironment]
DEBUG [main] - Returning cached instance of singleton bean &apos;org.springframework.aop.support.DefaultBeanFactoryPointcutAdvisor#0&apos;
DEBUG [main] - Returning cached instance of singleton bean &apos;org.springframework.aop.support.DefaultBeanFactoryPointcutAdvisor#0&apos;
DEBUG [main] - Finished creating instance of bean &apos;dataSource&apos;
DEBUG [main] - Creating shared instance of singleton bean &apos;transactionManager&apos;
DEBUG [main] - Creating instance of bean &apos;transactionManager&apos;
DEBUG [main] - Returning cached instance of singleton bean &apos;org.springframework.aop.support.DefaultBeanFactoryPointcutAdvisor#0&apos;
DEBUG [main] - Eagerly caching bean &apos;transactionManager&apos; to allow for resolving potential circular references
DEBUG [main] - Returning cached instance of singleton bean &apos;dataSource&apos;
DEBUG [main] - Invoking afterPropertiesSet() on bean with name &apos;transactionManager&apos;
DEBUG [main] - Returning cached instance of singleton bean &apos;org.springframework.aop.support.DefaultBeanFactoryPointcutAdvisor#0&apos;
DEBUG [main] - Returning cached instance of singleton bean &apos;org.springframework.aop.support.DefaultBeanFactoryPointcutAdvisor#0&apos;
DEBUG [main] - Finished creating instance of bean &apos;transactionManager&apos;
DEBUG [main] - Creating shared instance of singleton bean &apos;txAdvice&apos;
DEBUG [main] - Creating instance of bean &apos;txAdvice&apos;
DEBUG [main] - Eagerly caching bean &apos;txAdvice&apos; to allow for resolving potential circular references
DEBUG [main] - Returning cached instance of singleton bean &apos;transactionManager&apos;
DEBUG [main] - Creating instance of bean &apos;(inner bean)#1&apos;
DEBUG [main] - Returning cached instance of singleton bean &apos;org.springframework.aop.support.DefaultBeanFactoryPointcutAdvisor#0&apos;
DEBUG [main] - Adding transactional method [save*] with attribute [PROPAGATION_REQUIRED,ISOLATION_DEFAULT,-java.lang.Exception]
DEBUG [main] - Adding transactional method [insert*] with attribute [PROPAGATION_REQUIRED,ISOLATION_DEFAULT,-java.lang.Exception]
DEBUG [main] - Adding transactional method [delete*] with attribute [PROPAGATION_REQUIRED,ISOLATION_DEFAULT,-java.lang.Exception]
DEBUG [main] - Adding transactional method [update*] with attribute [PROPAGATION_REQUIRED,ISOLATION_DEFAULT,-java.lang.Exception]
DEBUG [main] - Adding transactional method [find*] with attribute [PROPAGATION_SUPPORTS,ISOLATION_DEFAULT,readOnly]
DEBUG [main] - Adding transactional method [get*] with attribute [PROPAGATION_SUPPORTS,ISOLATION_DEFAULT,readOnly]
DEBUG [main] - Returning cached instance of singleton bean &apos;org.springframework.aop.support.DefaultBeanFactoryPointcutAdvisor#0&apos;
DEBUG [main] - Returning cached instance of singleton bean &apos;org.springframework.aop.support.DefaultBeanFactoryPointcutAdvisor#0&apos;
DEBUG [main] - Finished creating instance of bean &apos;(inner bean)#1&apos;
DEBUG [main] - Invoking afterPropertiesSet() on bean with name &apos;txAdvice&apos;
DEBUG [main] - Finished creating instance of bean &apos;txAdvice&apos;
DEBUG [main] - Returning cached instance of singleton bean &apos;org.springframework.aop.config.internalAutoProxyCreator&apos;
DEBUG [main] - Returning cached instance of singleton bean &apos;org.springframework.aop.support.DefaultBeanFactoryPointcutAdvisor#0&apos;
DEBUG [main] - Creating shared instance of singleton bean &apos;sqlSessionFactory&apos;
DEBUG [main] - Creating instance of bean &apos;sqlSessionFactory&apos;
DEBUG [main] - Returning cached instance of singleton bean &apos;org.springframework.aop.support.DefaultBeanFactoryPointcutAdvisor#0&apos;
DEBUG [main] - Eagerly caching bean &apos;sqlSessionFactory&apos; to allow for resolving potential circular references
DEBUG [main] - Returning cached instance of singleton bean &apos;dataSource&apos;
DEBUG [main] - Invoking afterPropertiesSet() on bean with name &apos;sqlSessionFactory&apos;
DEBUG [main] - Parsed configuration file: &apos;class path resource [mybatis/SqlMapConfig.xml]&apos;
DEBUG [main] - Property &apos;mapperLocations&apos; was not specified or no matching resources found
DEBUG [main] - Returning cached instance of singleton bean &apos;org.springframework.aop.support.DefaultBeanFactoryPointcutAdvisor#0&apos;
DEBUG [main] - Returning cached instance of singleton bean &apos;org.springframework.aop.support.DefaultBeanFactoryPointcutAdvisor#0&apos;
DEBUG [main] - Finished creating instance of bean &apos;sqlSessionFactory&apos;
DEBUG [main] - Returning cached instance of singleton bean &apos;org.mybatis.spring.mapper.MapperScannerConfigurer#0&apos;
DEBUG [main] - Creating shared instance of singleton bean &apos;basicinfoMapper&apos;
DEBUG [main] - Creating instance of bean &apos;basicinfoMapper&apos;
DEBUG [main] - Returning cached instance of singleton bean &apos;org.springframework.aop.support.DefaultBeanFactoryPointcutAdvisor#0&apos;
DEBUG [main] - Eagerly caching bean &apos;basicinfoMapper&apos; to allow for resolving potential circular references
DEBUG [main] - Returning cached instance of singleton bean &apos;sqlSessionFactory&apos;
DEBUG [main] - Returning cached instance of singleton bean &apos;org.springframework.aop.support.DefaultBeanFactoryPointcutAdvisor#0&apos;
DEBUG [main] - Returning cached instance of singleton bean &apos;org.springframework.aop.support.DefaultBeanFactoryPointcutAdvisor#0&apos;
DEBUG [main] - Invoking afterPropertiesSet() on bean with name &apos;basicinfoMapper&apos;
DEBUG [main] - Returning cached instance of singleton bean &apos;org.springframework.aop.support.DefaultBeanFactoryPointcutAdvisor#0&apos;
DEBUG [main] - Returning cached instance of singleton bean &apos;org.springframework.aop.support.DefaultBeanFactoryPointcutAdvisor#0&apos;
DEBUG [main] - Finished creating instance of bean &apos;basicinfoMapper&apos;
DEBUG [main] - Creating shared instance of singleton bean &apos;bssSysAreaMapper&apos;
DEBUG [main] - Creating instance of bean &apos;bssSysAreaMapper&apos;
DEBUG [main] - Returning cached instance of singleton bean &apos;org.springframework.aop.support.DefaultBeanFactoryPointcutAdvisor#0&apos;
DEBUG [main] - Eagerly caching bean &apos;bssSysAreaMapper&apos; to allow for resolving potential circular references
DEBUG [main] - Returning cached instance of singleton bean &apos;sqlSessionFactory&apos;
DEBUG [main] - Invoking afterPropertiesSet() on bean with name &apos;bssSysAreaMapper&apos;
DEBUG [main] - Returning cached instance of singleton bean &apos;org.springframework.aop.support.DefaultBeanFactoryPointcutAdvisor#0&apos;
DEBUG [main] - Returning cached instance of singleton bean &apos;org.springframework.aop.support.DefaultBeanFactoryPointcutAdvisor#0&apos;
DEBUG [main] - Finished creating instance of bean &apos;bssSysAreaMapper&apos;
DEBUG [main] - Creating shared instance of singleton bean &apos;dictinfoMapper&apos;
DEBUG [main] - Creating instance of bean &apos;dictinfoMapper&apos;
DEBUG [main] - Returning cached instance of singleton bean &apos;org.springframework.aop.support.DefaultBeanFactoryPointcutAdvisor#0&apos;
DEBUG [main] - Eagerly caching bean &apos;dictinfoMapper&apos; to allow for resolving potential circular references
DEBUG [main] - Returning cached instance of singleton bean &apos;sqlSessionFactory&apos;
DEBUG [main] - Invoking afterPropertiesSet() on bean with name &apos;dictinfoMapper&apos;
DEBUG [main] - Returning cached instance of singleton bean &apos;org.springframework.aop.support.DefaultBeanFactoryPointcutAdvisor#0&apos;
DEBUG [main] - Returning cached instance of singleton bean &apos;org.springframework.aop.support.DefaultBeanFactoryPointcutAdvisor#0&apos;
DEBUG [main] - Finished creating instance of bean &apos;dictinfoMapper&apos;
DEBUG [main] - Creating shared instance of singleton bean &apos;dicttypeMapper&apos;
DEBUG [main] - Creating instance of bean &apos;dicttypeMapper&apos;
DEBUG [main] - Returning cached instance of singleton bean &apos;org.springframework.aop.support.DefaultBeanFactoryPointcutAdvisor#0&apos;
DEBUG [main] - Eagerly caching bean &apos;dicttypeMapper&apos; to allow for resolving potential circular references
DEBUG [main] - Returning cached instance of singleton bean &apos;sqlSessionFactory&apos;
DEBUG [main] - Invoking afterPropertiesSet() on bean with name &apos;dicttypeMapper&apos;
DEBUG [main] - Returning cached instance of singleton bean &apos;org.springframework.aop.support.DefaultBeanFactoryPointcutAdvisor#0&apos;
DEBUG [main] - Returning cached instance of singleton bean &apos;org.springframework.aop.support.DefaultBeanFactoryPointcutAdvisor#0&apos;
DEBUG [main] - Finished creating instance of bean &apos;dicttypeMapper&apos;
DEBUG [main] - Creating shared instance of singleton bean &apos;moduleMapper&apos;
DEBUG [main] - Creating instance of bean &apos;moduleMapper&apos;
DEBUG [main] - Returning cached instance of singleton bean &apos;org.springframework.aop.support.DefaultBeanFactoryPointcutAdvisor#0&apos;
DEBUG [main] - Eagerly caching bean &apos;moduleMapper&apos; to allow for resolving potential circular references
DEBUG [main] - Returning cached instance of singleton bean &apos;sqlSessionFactory&apos;
DEBUG [main] - Invoking afterPropertiesSet() on bean with name &apos;moduleMapper&apos;
DEBUG [main] - Returning cached instance of singleton bean &apos;org.springframework.aop.support.DefaultBeanFactoryPointcutAdvisor#0&apos;
DEBUG [main] - Returning cached instance of singleton bean &apos;org.springframework.aop.support.DefaultBeanFactoryPointcutAdvisor#0&apos;
DEBUG [main] - Finished creating instance of bean &apos;moduleMapper&apos;
DEBUG [main] - Creating shared instance of singleton bean &apos;operateMapper&apos;
DEBUG [main] - Creating instance of bean &apos;operateMapper&apos;
DEBUG [main] - Returning cached instance of singleton bean &apos;org.springframework.aop.support.DefaultBeanFactoryPointcutAdvisor#0&apos;
DEBUG [main] - Eagerly caching bean &apos;operateMapper&apos; to allow for resolving potential circular references
DEBUG [main] - Returning cached instance of singleton bean &apos;sqlSessionFactory&apos;
DEBUG [main] - Invoking afterPropertiesSet() on bean with name &apos;operateMapper&apos;
DEBUG [main] - Returning cached instance of singleton bean &apos;org.springframework.aop.support.DefaultBeanFactoryPointcutAdvisor#0&apos;
DEBUG [main] - Returning cached instance of singleton bean &apos;org.springframework.aop.support.DefaultBeanFactoryPointcutAdvisor#0&apos;
DEBUG [main] - Finished creating instance of bean &apos;operateMapper&apos;
DEBUG [main] - Creating shared instance of singleton bean &apos;roleMapper&apos;
DEBUG [main] - Creating instance of bean &apos;roleMapper&apos;
DEBUG [main] - Returning cached instance of singleton bean &apos;org.springframework.aop.support.DefaultBeanFactoryPointcutAdvisor#0&apos;
DEBUG [main] - Eagerly caching bean &apos;roleMapper&apos; to allow for resolving potential circular references
DEBUG [main] - Returning cached instance of singleton bean &apos;sqlSessionFactory&apos;
DEBUG [main] - Invoking afterPropertiesSet() on bean with name &apos;roleMapper&apos;
DEBUG [main] - Returning cached instance of singleton bean &apos;org.springframework.aop.support.DefaultBeanFactoryPointcutAdvisor#0&apos;
DEBUG [main] - Returning cached instance of singleton bean &apos;org.springframework.aop.support.DefaultBeanFactoryPointcutAdvisor#0&apos;
DEBUG [main] - Finished creating instance of bean &apos;roleMapper&apos;
DEBUG [main] - Creating shared instance of singleton bean &apos;rolemoduleMapper&apos;
DEBUG [main] - Creating instance of bean &apos;rolemoduleMapper&apos;
DEBUG [main] - Returning cached instance of singleton bean &apos;org.springframework.aop.support.DefaultBeanFactoryPointcutAdvisor#0&apos;
DEBUG [main] - Eagerly caching bean &apos;rolemoduleMapper&apos; to allow for resolving potential circular references
DEBUG [main] - Returning cached instance of singleton bean &apos;sqlSessionFactory&apos;
DEBUG [main] - Invoking afterPropertiesSet() on bean with name &apos;rolemoduleMapper&apos;
DEBUG [main] - Returning cached instance of singleton bean &apos;org.springframework.aop.support.DefaultBeanFactoryPointcutAdvisor#0&apos;
DEBUG [main] - Returning cached instance of singleton bean &apos;org.springframework.aop.support.DefaultBeanFactoryPointcutAdvisor#0&apos;
DEBUG [main] - Finished creating instance of bean &apos;rolemoduleMapper&apos;
DEBUG [main] - Creating shared instance of singleton bean &apos;roleoperateMapper&apos;
DEBUG [main] - Creating instance of bean &apos;roleoperateMapper&apos;
DEBUG [main] - Returning cached instance of singleton bean &apos;org.springframework.aop.support.DefaultBeanFactoryPointcutAdvisor#0&apos;
DEBUG [main] - Eagerly caching bean &apos;roleoperateMapper&apos; to allow for resolving potential circular references
DEBUG [main] - Returning cached instance of singleton bean &apos;sqlSessionFactory&apos;
DEBUG [main] - Invoking afterPropertiesSet() on bean with name &apos;roleoperateMapper&apos;
DEBUG [main] - Returning cached instance of singleton bean &apos;org.springframework.aop.support.DefaultBeanFactoryPointcutAdvisor#0&apos;
DEBUG [main] - Returning cached instance of singleton bean &apos;org.springframework.aop.support.DefaultBeanFactoryPointcutAdvisor#0&apos;
DEBUG [main] - Finished creating instance of bean &apos;roleoperateMapper&apos;
DEBUG [main] - Creating shared instance of singleton bean &apos;sysuserMapper&apos;
DEBUG [main] - Creating instance of bean &apos;sysuserMapper&apos;
DEBUG [main] - Returning cached instance of singleton bean &apos;org.springframework.aop.support.DefaultBeanFactoryPointcutAdvisor#0&apos;
DEBUG [main] - Eagerly caching bean &apos;sysuserMapper&apos; to allow for resolving potential circular references
DEBUG [main] - Returning cached instance of singleton bean &apos;sqlSessionFactory&apos;
DEBUG [main] - Invoking afterPropertiesSet() on bean with name &apos;sysuserMapper&apos;
DEBUG [main] - Returning cached instance of singleton bean &apos;org.springframework.aop.support.DefaultBeanFactoryPointcutAdvisor#0&apos;
DEBUG [main] - Returning cached instance of singleton bean &apos;org.springframework.aop.support.DefaultBeanFactoryPointcutAdvisor#0&apos;
DEBUG [main] - Finished creating instance of bean &apos;sysuserMapper&apos;
DEBUG [main] - Creating shared instance of singleton bean &apos;sysuserMapperCustom&apos;
DEBUG [main] - Creating instance of bean &apos;sysuserMapperCustom&apos;
DEBUG [main] - Returning cached instance of singleton bean &apos;org.springframework.aop.support.DefaultBeanFactoryPointcutAdvisor#0&apos;
DEBUG [main] - Eagerly caching bean &apos;sysuserMapperCustom&apos; to allow for resolving potential circular references
DEBUG [main] - Returning cached instance of singleton bean &apos;sqlSessionFactory&apos;
DEBUG [main] - Invoking afterPropertiesSet() on bean with name &apos;sysuserMapperCustom&apos;
DEBUG [main] - Returning cached instance of singleton bean &apos;org.springframework.aop.support.DefaultBeanFactoryPointcutAdvisor#0&apos;
DEBUG [main] - Returning cached instance of singleton bean &apos;org.springframework.aop.support.DefaultBeanFactoryPointcutAdvisor#0&apos;
DEBUG [main] - Finished creating instance of bean &apos;sysuserMapperCustom&apos;
DEBUG [main] - Creating shared instance of singleton bean &apos;usergysareaMapper&apos;
DEBUG [main] - Creating instance of bean &apos;usergysareaMapper&apos;
DEBUG [main] - Returning cached instance of singleton bean &apos;org.springframework.aop.support.DefaultBeanFactoryPointcutAdvisor#0&apos;
DEBUG [main] - Eagerly caching bean &apos;usergysareaMapper&apos; to allow for resolving potential circular references
DEBUG [main] - Returning cached instance of singleton bean &apos;sqlSessionFactory&apos;
DEBUG [main] - Invoking afterPropertiesSet() on bean with name &apos;usergysareaMapper&apos;
DEBUG [main] - Returning cached instance of singleton bean &apos;org.springframework.aop.support.DefaultBeanFactoryPointcutAdvisor#0&apos;
DEBUG [main] - Returning cached instance of singleton bean &apos;org.springframework.aop.support.DefaultBeanFactoryPointcutAdvisor#0&apos;
DEBUG [main] - Finished creating instance of bean &apos;usergysareaMapper&apos;
DEBUG [main] - Creating shared instance of singleton bean &apos;usergysMapper&apos;
DEBUG [main] - Creating instance of bean &apos;usergysMapper&apos;
DEBUG [main] - Returning cached instance of singleton bean &apos;org.springframework.aop.support.DefaultBeanFactoryPointcutAdvisor#0&apos;
DEBUG [main] - Eagerly caching bean &apos;usergysMapper&apos; to allow for resolving potential circular references
DEBUG [main] - Returning cached instance of singleton bean &apos;sqlSessionFactory&apos;
DEBUG [main] - Invoking afterPropertiesSet() on bean with name &apos;usergysMapper&apos;
DEBUG [main] - Returning cached instance of singleton bean &apos;org.springframework.aop.support.DefaultBeanFactoryPointcutAdvisor#0&apos;
DEBUG [main] - Returning cached instance of singleton bean &apos;org.springframework.aop.support.DefaultBeanFactoryPointcutAdvisor#0&apos;
DEBUG [main] - Finished creating instance of bean &apos;usergysMapper&apos;
DEBUG [main] - Creating shared instance of singleton bean &apos;userjdMapper&apos;
DEBUG [main] - Creating instance of bean &apos;userjdMapper&apos;
DEBUG [main] - Returning cached instance of singleton bean &apos;org.springframework.aop.support.DefaultBeanFactoryPointcutAdvisor#0&apos;
DEBUG [main] - Eagerly caching bean &apos;userjdMapper&apos; to allow for resolving potential circular references
DEBUG [main] - Returning cached instance of singleton bean &apos;sqlSessionFactory&apos;
DEBUG [main] - Invoking afterPropertiesSet() on bean with name &apos;userjdMapper&apos;
DEBUG [main] - Returning cached instance of singleton bean &apos;org.springframework.aop.support.DefaultBeanFactoryPointcutAdvisor#0&apos;
DEBUG [main] - Returning cached instance of singleton bean &apos;org.springframework.aop.support.DefaultBeanFactoryPointcutAdvisor#0&apos;
DEBUG [main] - Finished creating instance of bean &apos;userjdMapper&apos;
DEBUG [main] - Creating shared instance of singleton bean &apos;useryyMapper&apos;
DEBUG [main] - Creating instance of bean &apos;useryyMapper&apos;
DEBUG [main] - Returning cached instance of singleton bean &apos;org.springframework.aop.support.DefaultBeanFactoryPointcutAdvisor#0&apos;
DEBUG [main] - Eagerly caching bean &apos;useryyMapper&apos; to allow for resolving potential circular references
DEBUG [main] - Returning cached instance of singleton bean &apos;sqlSessionFactory&apos;
DEBUG [main] - Invoking afterPropertiesSet() on bean with name &apos;useryyMapper&apos;
DEBUG [main] - Returning cached instance of singleton bean &apos;org.springframework.aop.support.DefaultBeanFactoryPointcutAdvisor#0&apos;
DEBUG [main] - Returning cached instance of singleton bean &apos;org.springframework.aop.support.DefaultBeanFactoryPointcutAdvisor#0&apos;
DEBUG [main] - Finished creating instance of bean &apos;useryyMapper&apos;
DEBUG [main] - Creating shared instance of singleton bean &apos;gysypmlControlMapper&apos;
DEBUG [main] - Creating instance of bean &apos;gysypmlControlMapper&apos;
DEBUG [main] - Returning cached instance of singleton bean &apos;org.springframework.aop.support.DefaultBeanFactoryPointcutAdvisor#0&apos;
DEBUG [main] - Eagerly caching bean &apos;gysypmlControlMapper&apos; to allow for resolving potential circular references
DEBUG [main] - Returning cached instance of singleton bean &apos;sqlSessionFactory&apos;
DEBUG [main] - Invoking afterPropertiesSet() on bean with name &apos;gysypmlControlMapper&apos;
DEBUG [main] - Returning cached instance of singleton bean &apos;org.springframework.aop.support.DefaultBeanFactoryPointcutAdvisor#0&apos;
DEBUG [main] - Returning cached instance of singleton bean &apos;org.springframework.aop.support.DefaultBeanFactoryPointcutAdvisor#0&apos;
DEBUG [main] - Finished creating instance of bean &apos;gysypmlControlMapper&apos;
DEBUG [main] - Creating shared instance of singleton bean &apos;gysypmlMapper&apos;
DEBUG [main] - Creating instance of bean &apos;gysypmlMapper&apos;
DEBUG [main] - Returning cached instance of singleton bean &apos;org.springframework.aop.support.DefaultBeanFactoryPointcutAdvisor#0&apos;
DEBUG [main] - Eagerly caching bean &apos;gysypmlMapper&apos; to allow for resolving potential circular references
DEBUG [main] - Returning cached instance of singleton bean &apos;sqlSessionFactory&apos;
DEBUG [main] - Invoking afterPropertiesSet() on bean with name &apos;gysypmlMapper&apos;
DEBUG [main] - Returning cached instance of singleton bean &apos;org.springframework.aop.support.DefaultBeanFactoryPointcutAdvisor#0&apos;
DEBUG [main] - Returning cached instance of singleton bean &apos;org.springframework.aop.support.DefaultBeanFactoryPointcutAdvisor#0&apos;
DEBUG [main] - Finished creating instance of bean &apos;gysypmlMapper&apos;
DEBUG [main] - Creating shared instance of singleton bean &apos;gysypmlMapperCustom&apos;
DEBUG [main] - Creating instance of bean &apos;gysypmlMapperCustom&apos;
DEBUG [main] - Returning cached instance of singleton bean &apos;org.springframework.aop.support.DefaultBeanFactoryPointcutAdvisor#0&apos;
DEBUG [main] - Eagerly caching bean &apos;gysypmlMapperCustom&apos; to allow for resolving potential circular references
DEBUG [main] - Returning cached instance of singleton bean &apos;sqlSessionFactory&apos;
DEBUG [main] - Invoking afterPropertiesSet() on bean with name &apos;gysypmlMapperCustom&apos;
DEBUG [main] - Returning cached instance of singleton bean &apos;org.springframework.aop.support.DefaultBeanFactoryPointcutAdvisor#0&apos;
DEBUG [main] - Returning cached instance of singleton bean &apos;org.springframework.aop.support.DefaultBeanFactoryPointcutAdvisor#0&apos;
DEBUG [main] - Finished creating instance of bean &apos;gysypmlMapperCustom&apos;
DEBUG [main] - Creating shared instance of singleton bean &apos;ypxxMapper&apos;
DEBUG [main] - Creating instance of bean &apos;ypxxMapper&apos;
DEBUG [main] - Returning cached instance of singleton bean &apos;org.springframework.aop.support.DefaultBeanFactoryPointcutAdvisor#0&apos;
DEBUG [main] - Eagerly caching bean &apos;ypxxMapper&apos; to allow for resolving potential circular references
DEBUG [main] - Returning cached instance of singleton bean &apos;sqlSessionFactory&apos;
DEBUG [main] - Invoking afterPropertiesSet() on bean with name &apos;ypxxMapper&apos;
DEBUG [main] - Returning cached instance of singleton bean &apos;org.springframework.aop.support.DefaultBeanFactoryPointcutAdvisor#0&apos;
DEBUG [main] - Returning cached instance of singleton bean &apos;org.springframework.aop.support.DefaultBeanFactoryPointcutAdvisor#0&apos;
DEBUG [main] - Finished creating instance of bean &apos;ypxxMapper&apos;
DEBUG [main] - Creating shared instance of singleton bean &apos;ypxxMapperCustom&apos;
DEBUG [main] - Creating instance of bean &apos;ypxxMapperCustom&apos;
DEBUG [main] - Returning cached instance of singleton bean &apos;org.springframework.aop.support.DefaultBeanFactoryPointcutAdvisor#0&apos;
DEBUG [main] - Eagerly caching bean &apos;ypxxMapperCustom&apos; to allow for resolving potential circular references
DEBUG [main] - Returning cached instance of singleton bean &apos;sqlSessionFactory&apos;
DEBUG [main] - Invoking afterPropertiesSet() on bean with name &apos;ypxxMapperCustom&apos;
DEBUG [main] - Returning cached instance of singleton bean &apos;org.springframework.aop.support.DefaultBeanFactoryPointcutAdvisor#0&apos;
DEBUG [main] - Returning cached instance of singleton bean &apos;org.springframework.aop.support.DefaultBeanFactoryPointcutAdvisor#0&apos;
DEBUG [main] - Finished creating instance of bean &apos;ypxxMapperCustom&apos;
DEBUG [main] - Creating shared instance of singleton bean &apos;yybusinessMapper&apos;
DEBUG [main] - Creating instance of bean &apos;yybusinessMapper&apos;
DEBUG [main] - Returning cached instance of singleton bean &apos;org.springframework.aop.support.DefaultBeanFactoryPointcutAdvisor#0&apos;
DEBUG [main] - Eagerly caching bean &apos;yybusinessMapper&apos; to allow for resolving potential circular references
DEBUG [main] - Returning cached instance of singleton bean &apos;sqlSessionFactory&apos;
DEBUG [main] - Invoking afterPropertiesSet() on bean with name &apos;yybusinessMapper&apos;
DEBUG [main] - Returning cached instance of singleton bean &apos;org.springframework.aop.support.DefaultBeanFactoryPointcutAdvisor#0&apos;
DEBUG [main] - Returning cached instance of singleton bean &apos;org.springframework.aop.support.DefaultBeanFactoryPointcutAdvisor#0&apos;
DEBUG [main] - Finished creating instance of bean &apos;yybusinessMapper&apos;
DEBUG [main] - Creating shared instance of singleton bean &apos;yybusinessMapperCustom&apos;
DEBUG [main] - Creating instance of bean &apos;yybusinessMapperCustom&apos;
DEBUG [main] - Returning cached instance of singleton bean &apos;org.springframework.aop.support.DefaultBeanFactoryPointcutAdvisor#0&apos;
DEBUG [main] - Eagerly caching bean &apos;yybusinessMapperCustom&apos; to allow for resolving potential circular references
DEBUG [main] - Returning cached instance of singleton bean &apos;sqlSessionFactory&apos;
DEBUG [main] - Invoking afterPropertiesSet() on bean with name &apos;yybusinessMapperCustom&apos;
DEBUG [main] - Returning cached instance of singleton bean &apos;org.springframework.aop.support.DefaultBeanFactoryPointcutAdvisor#0&apos;
DEBUG [main] - Returning cached instance of singleton bean &apos;org.springframework.aop.support.DefaultBeanFactoryPointcutAdvisor#0&apos;
DEBUG [main] - Finished creating instance of bean &apos;yybusinessMapperCustom&apos;
DEBUG [main] - Creating shared instance of singleton bean &apos;yycgdMapper&apos;
DEBUG [main] - Creating instance of bean &apos;yycgdMapper&apos;
DEBUG [main] - Returning cached instance of singleton bean &apos;org.springframework.aop.support.DefaultBeanFactoryPointcutAdvisor#0&apos;
DEBUG [main] - Eagerly caching bean &apos;yycgdMapper&apos; to allow for resolving potential circular references
DEBUG [main] - Returning cached instance of singleton bean &apos;sqlSessionFactory&apos;
DEBUG [main] - Invoking afterPropertiesSet() on bean with name &apos;yycgdMapper&apos;
DEBUG [main] - Returning cached instance of singleton bean &apos;org.springframework.aop.support.DefaultBeanFactoryPointcutAdvisor#0&apos;
DEBUG [main] - Returning cached instance of singleton bean &apos;org.springframework.aop.support.DefaultBeanFactoryPointcutAdvisor#0&apos;
DEBUG [main] - Finished creating instance of bean &apos;yycgdMapper&apos;
DEBUG [main] - Creating shared instance of singleton bean &apos;yycgdMapperCustom&apos;
DEBUG [main] - Creating instance of bean &apos;yycgdMapperCustom&apos;
DEBUG [main] - Returning cached instance of singleton bean &apos;org.springframework.aop.support.DefaultBeanFactoryPointcutAdvisor#0&apos;
DEBUG [main] - Eagerly caching bean &apos;yycgdMapperCustom&apos; to allow for resolving potential circular references
DEBUG [main] - Returning cached instance of singleton bean &apos;sqlSessionFactory&apos;
DEBUG [main] - Invoking afterPropertiesSet() on bean with name &apos;yycgdMapperCustom&apos;
DEBUG [main] - Returning cached instance of singleton bean &apos;org.springframework.aop.support.DefaultBeanFactoryPointcutAdvisor#0&apos;
DEBUG [main] - Returning cached instance of singleton bean &apos;org.springframework.aop.support.DefaultBeanFactoryPointcutAdvisor#0&apos;
DEBUG [main] - Finished creating instance of bean &apos;yycgdMapperCustom&apos;
DEBUG [main] - Creating shared instance of singleton bean &apos;yycgdmxMapper&apos;
DEBUG [main] - Creating instance of bean &apos;yycgdmxMapper&apos;
DEBUG [main] - Returning cached instance of singleton bean &apos;org.springframework.aop.support.DefaultBeanFactoryPointcutAdvisor#0&apos;
DEBUG [main] - Eagerly caching bean &apos;yycgdmxMapper&apos; to allow for resolving potential circular references
DEBUG [main] - Returning cached instance of singleton bean &apos;sqlSessionFactory&apos;
DEBUG [main] - Invoking afterPropertiesSet() on bean with name &apos;yycgdmxMapper&apos;
DEBUG [main] - Returning cached instance of singleton bean &apos;org.springframework.aop.support.DefaultBeanFactoryPointcutAdvisor#0&apos;
DEBUG [main] - Returning cached instance of singleton bean &apos;org.springframework.aop.support.DefaultBeanFactoryPointcutAdvisor#0&apos;
DEBUG [main] - Finished creating instance of bean &apos;yycgdmxMapper&apos;
DEBUG [main] - Creating shared instance of singleton bean &apos;yycgdrkMapper&apos;
DEBUG [main] - Creating instance of bean &apos;yycgdrkMapper&apos;
DEBUG [main] - Returning cached instance of singleton bean &apos;org.springframework.aop.support.DefaultBeanFactoryPointcutAdvisor#0&apos;
DEBUG [main] - Eagerly caching bean &apos;yycgdrkMapper&apos; to allow for resolving potential circular references
DEBUG [main] - Returning cached instance of singleton bean &apos;sqlSessionFactory&apos;
DEBUG [main] - Invoking afterPropertiesSet() on bean with name &apos;yycgdrkMapper&apos;
DEBUG [main] - Returning cached instance of singleton bean &apos;org.springframework.aop.support.DefaultBeanFactoryPointcutAdvisor#0&apos;
DEBUG [main] - Returning cached instance of singleton bean &apos;org.springframework.aop.support.DefaultBeanFactoryPointcutAdvisor#0&apos;
DEBUG [main] - Finished creating instance of bean &apos;yycgdrkMapper&apos;
[...]
DEBUG [main] - Returning cached instance of singleton bean &apos;org.springframework.aop.support.DefaultBeanFactoryPointcutAdvisor#0&apos;
DEBUG [main] - Finished creating instance of bean &apos;rolemoduleMapper&apos;
DEBUG [main] - Creating shared instance of singleton bean &apos;roleoperateMapper&apos;
DEBUG [main] - Creating instance of bean &apos;roleoperateMapper&apos;
DEBUG [main] - Returning cached instance of singleton bean &apos;org.springframework.aop.support.DefaultBeanFactoryPointcutAdvisor#0&apos;
DEBUG [main] - Eagerly caching bean &apos;roleoperateMapper&apos; to allow for resolving potential circular references
DEBUG [main] - Returning cached instance of singleton bean &apos;sqlSessionFactory&apos;
DEBUG [main] - Invoking afterPropertiesSet() on bean with name &apos;roleoperateMapper&apos;
DEBUG [main] - Returning cached instance of singleton bean &apos;org.springframework.aop.support.DefaultBeanFactoryPointcutAdvisor#0&apos;
DEBUG [main] - Returning cached instance of singleton bean &apos;org.springframework.aop.support.DefaultBeanFactoryPointcutAdvisor#0&apos;
DEBUG [main] - Finished creating instance of bean &apos;roleoperateMapper&apos;
DEBUG [main] - Creating shared instance of singleton bean &apos;sysuserMapper&apos;
DEBUG [main] - Creating instance of bean &apos;sysuserMapper&apos;
DEBUG [main] - Returning cached instance of singleton bean &apos;org.springframework.aop.support.DefaultBeanFactoryPointcutAdvisor#0&apos;
DEBUG [main] - Eagerly caching bean &apos;sysuserMapper&apos; to allow for resolving potential circular references
DEBUG [main] - Returning cached instance of singleton bean &apos;sqlSessionFactory&apos;
DEBUG [main] - Invoking afterPropertiesSet() on bean with name &apos;sysuserMapper&apos;
DEBUG [main] - Returning cached instance of singleton bean &apos;org.springframework.aop.support.DefaultBeanFactoryPointcutAdvisor#0&apos;
DEBUG [main] - Returning cached instance of singleton bean &apos;org.springframework.aop.support.DefaultBeanFactoryPointcutAdvisor#0&apos;
DEBUG [main] - Finished creating instance of bean &apos;sysuserMapper&apos;
DEBUG [main] - Creating shared instance of singleton bean &apos;sysuserMapperCustom&apos;
DEBUG [main] - Creating instance of bean &apos;sysuserMapperCustom&apos;
DEBUG [main] - Returning cached instance of singleton bean &apos;org.springframework.aop.support.DefaultBeanFactoryPointcutAdvisor#0&apos;
DEBUG [main] - Eagerly caching bean &apos;sysuserMapperCustom&apos; to allow for resolving potential circular references
DEBUG [main] - Returning cached instance of singleton bean &apos;sqlSessionFactory&apos;
DEBUG [main] - Invoking afterPropertiesSet() on bean with name &apos;sysuserMapperCustom&apos;
DEBUG [main] - Returning cached instance of singleton bean &apos;org.springframework.aop.support.DefaultBeanFactoryPointcutAdvisor#0&apos;
DEBUG [main] - Returning cached instance of singleton bean &apos;org.springframework.aop.support.DefaultBeanFactoryPointcutAdvisor#0&apos;
DEBUG [main] - Finished creating instance of bean &apos;sysuserMapperCustom&apos;
DEBUG [main] - Creating shared instance of singleton bean &apos;usergysareaMapper&apos;
DEBUG [main] - Creating instance of bean &apos;usergysareaMapper&apos;
DEBUG [main] - Returning cached instance of singleton bean &apos;org.springframework.aop.support.DefaultBeanFactoryPointcutAdvisor#0&apos;
DEBUG [main] - Eagerly caching bean &apos;usergysareaMapper&apos; to allow for resolving potential circular references
DEBUG [main] - Returning cached instance of singleton bean &apos;sqlSessionFactory&apos;
DEBUG [main] - Invoking afterPropertiesSet() on bean with name &apos;usergysareaMapper&apos;
DEBUG [main] - Returning cached instance of singleton bean &apos;org.springframework.aop.support.DefaultBeanFactoryPointcutAdvisor#0&apos;
DEBUG [main] - Returning cached instance of singleton bean &apos;org.springframework.aop.support.DefaultBeanFactoryPointcutAdvisor#0&apos;
DEBUG [main] - Finished creating instance of bean &apos;usergysareaMapper&apos;
DEBUG [main] - Creating shared instance of singleton bean &apos;usergysMapper&apos;
DEBUG [main] - Creating instance of bean &apos;usergysMapper&apos;
DEBUG [main] - Returning cached instance of singleton bean &apos;org.springframework.aop.support.DefaultBeanFactoryPointcutAdvisor#0&apos;
DEBUG [main] - Eagerly caching bean &apos;usergysMapper&apos; to allow for resolving potential circular references
DEBUG [main] - Returning cached instance of singleton bean &apos;sqlSessionFactory&apos;
DEBUG [main] - Invoking afterPropertiesSet() on bean with name &apos;usergysMapper&apos;
DEBUG [main] - Returning cached instance of singleton bean &apos;org.springframework.aop.support.DefaultBeanFactoryPointcutAdvisor#0&apos;
DEBUG [main] - Returning cached instance of singleton bean &apos;org.springframework.aop.support.DefaultBeanFactoryPointcutAdvisor#0&apos;
DEBUG [main] - Finished creating instance of bean &apos;usergysMapper&apos;
DEBUG [main] - Creating shared instance of singleton bean &apos;userjdMapper&apos;
DEBUG [main] - Creating instance of bean &apos;userjdMapper&apos;
DEBUG [main] - Returning cached instance of singleton bean &apos;org.springframework.aop.support.DefaultBeanFactoryPointcutAdvisor#0&apos;
DEBUG [main] - Eagerly caching bean &apos;userjdMapper&apos; to allow for resolving potential circular references
DEBUG [main] - Returning cached instance of singleton bean &apos;sqlSessionFactory&apos;
DEBUG [main] - Invoking afterPropertiesSet() on bean with name &apos;userjdMapper&apos;
DEBUG [main] - Returning cached instance of singleton bean &apos;org.springframework.aop.support.DefaultBeanFactoryPointcutAdvisor#0&apos;
DEBUG [main] - Returning cached instance of singleton bean &apos;org.springframework.aop.support.DefaultBeanFactoryPointcutAdvisor#0&apos;
DEBUG [main] - Finished creating instance of bean &apos;userjdMapper&apos;
DEBUG [main] - Creating shared instance of singleton bean &apos;useryyMapper&apos;
DEBUG [main] - Creating instance of bean &apos;useryyMapper&apos;
DEBUG [main] - Returning cached instance of singleton bean &apos;org.springframework.aop.support.DefaultBeanFactoryPointcutAdvisor#0&apos;
DEBUG [main] - Eagerly caching bean &apos;useryyMapper&apos; to allow for resolving potential circular references
DEBUG [main] - Returning cached instance of singleton bean &apos;sqlSessionFactory&apos;
DEBUG [main] - Invoking afterPropertiesSet() on bean with name &apos;useryyMapper&apos;
DEBUG [main] - Returning cached instance of singleton bean &apos;org.springframework.aop.support.DefaultBeanFactoryPointcutAdvisor#0&apos;
DEBUG [main] - Returning cached instance of singleton bean &apos;org.springframework.aop.support.DefaultBeanFactoryPointcutAdvisor#0&apos;
DEBUG [main] - Finished creating instance of bean &apos;useryyMapper&apos;
DEBUG [main] - Creating shared instance of singleton bean &apos;gysypmlControlMapper&apos;
DEBUG [main] - Creating instance of bean &apos;gysypmlControlMapper&apos;
DEBUG [main] - Returning cached instance of singleton bean &apos;org.springframework.aop.support.DefaultBeanFactoryPointcutAdvisor#0&apos;
DEBUG [main] - Eagerly caching bean &apos;gysypmlControlMapper&apos; to allow for resolving potential circular references
DEBUG [main] - Returning cached instance of singleton bean &apos;sqlSessionFactory&apos;
DEBUG [main] - Invoking afterPropertiesSet() on bean with name &apos;gysypmlControlMapper&apos;
DEBUG [main] - Returning cached instance of singleton bean &apos;org.springframework.aop.support.DefaultBeanFactoryPointcutAdvisor#0&apos;
DEBUG [main] - Returning cached instance of singleton bean &apos;org.springframework.aop.support.DefaultBeanFactoryPointcutAdvisor#0&apos;
DEBUG [main] - Finished creating instance of bean &apos;gysypmlControlMapper&apos;
DEBUG [main] - Creating shared instance of singleton bean &apos;gysypmlMapper&apos;
DEBUG [main] - Creating instance of bean &apos;gysypmlMapper&apos;
DEBUG [main] - Returning cached instance of singleton bean &apos;org.springframework.aop.support.DefaultBeanFactoryPointcutAdvisor#0&apos;
DEBUG [main] - Eagerly caching bean &apos;gysypmlMapper&apos; to allow for resolving potential circular references
DEBUG [main] - Returning cached instance of singleton bean &apos;sqlSessionFactory&apos;
DEBUG [main] - Invoking afterPropertiesSet() on bean with name &apos;gysypmlMapper&apos;
DEBUG [main] - Returning cached instance of singleton bean &apos;org.springframework.aop.support.DefaultBeanFactoryPointcutAdvisor#0&apos;
DEBUG [main] - Returning cached instance of singleton bean &apos;org.springframework.aop.support.DefaultBeanFactoryPointcutAdvisor#0&apos;
DEBUG [main] - Finished creating instance of bean &apos;gysypmlMapper&apos;
DEBUG [main] - Creating shared instance of singleton bean &apos;gysypmlMapperCustom&apos;
DEBUG [main] - Creating instance of bean &apos;gysypmlMapperCustom&apos;
DEBUG [main] - Returning cached instance of singleton bean &apos;org.springframework.aop.support.DefaultBeanFactoryPointcutAdvisor#0&apos;
DEBUG [main] - Eagerly caching bean &apos;gysypmlMapperCustom&apos; to allow for resolving potential circular references
DEBUG [main] - Returning cached instance of singleton bean &apos;sqlSessionFactory&apos;
DEBUG [main] - Invoking afterPropertiesSet() on bean with name &apos;gysypmlMapperCustom&apos;
DEBUG [main] - Returning cached instance of singleton bean &apos;org.springframework.aop.support.DefaultBeanFactoryPointcutAdvisor#0&apos;
DEBUG [main] - Returning cached instance of singleton bean &apos;org.springframework.aop.support.DefaultBeanFactoryPointcutAdvisor#0&apos;
DEBUG [main] - Finished creating instance of bean &apos;gysypmlMapperCustom&apos;
DEBUG [main] - Creating shared instance of singleton bean &apos;ypxxMapper&apos;
DEBUG [main] - Creating instance of bean &apos;ypxxMapper&apos;
DEBUG [main] - Returning cached instance of singleton bean &apos;org.springframework.aop.support.DefaultBeanFactoryPointcutAdvisor#0&apos;
DEBUG [main] - Eagerly caching bean &apos;ypxxMapper&apos; to allow for resolving potential circular references
DEBUG [main] - Returning cached instance of singleton bean &apos;sqlSessionFactory&apos;
DEBUG [main] - Invoking afterPropertiesSet() on bean with name &apos;ypxxMapper&apos;
DEBUG [main] - Returning cached instance of singleton bean &apos;org.springframework.aop.support.DefaultBeanFactoryPointcutAdvisor#0&apos;
DEBUG [main] - Returning cached instance of singleton bean &apos;org.springframework.aop.support.DefaultBeanFactoryPointcutAdvisor#0&apos;
DEBUG [main] - Finished creating instance of bean &apos;ypxxMapper&apos;
DEBUG [main] - Creating shared instance of singleton bean &apos;ypxxMapperCustom&apos;
DEBUG [main] - Creating instance of bean &apos;ypxxMapperCustom&apos;
DEBUG [main] - Returning cached instance of singleton bean &apos;org.springframework.aop.support.DefaultBeanFactoryPointcutAdvisor#0&apos;
DEBUG [main] - Eagerly caching bean &apos;ypxxMapperCustom&apos; to allow for resolving potential circular references
DEBUG [main] - Returning cached instance of singleton bean &apos;sqlSessionFactory&apos;
DEBUG [main] - Invoking afterPropertiesSet() on bean with name &apos;ypxxMapperCustom&apos;
DEBUG [main] - Returning cached instance of singleton bean &apos;org.springframework.aop.support.DefaultBeanFactoryPointcutAdvisor#0&apos;
DEBUG [main] - Returning cached instance of singleton bean &apos;org.springframework.aop.support.DefaultBeanFactoryPointcutAdvisor#0&apos;
DEBUG [main] - Finished creating instance of bean &apos;ypxxMapperCustom&apos;
DEBUG [main] - Creating shared instance of singleton bean &apos;yybusinessMapper&apos;
DEBUG [main] - Creating instance of bean &apos;yybusinessMapper&apos;
DEBUG [main] - Returning cached instance of singleton bean &apos;org.springframework.aop.support.DefaultBeanFactoryPointcutAdvisor#0&apos;
DEBUG [main] - Eagerly caching bean &apos;yybusinessMapper&apos; to allow for resolving potential circular references
DEBUG [main] - Returning cached instance of singleton bean &apos;sqlSessionFactory&apos;
DEBUG [main] - Invoking afterPropertiesSet() on bean with name &apos;yybusinessMapper&apos;
DEBUG [main] - Returning cached instance of singleton bean &apos;org.springframework.aop.support.DefaultBeanFactoryPointcutAdvisor#0&apos;
DEBUG [main] - Returning cached instance of singleton bean &apos;org.springframework.aop.support.DefaultBeanFactoryPointcutAdvisor#0&apos;
DEBUG [main] - Finished creating instance of bean &apos;yybusinessMapper&apos;
DEBUG [main] - Creating shared instance of singleton bean &apos;yybusinessMapperCustom&apos;
DEBUG [main] - Creating instance of bean &apos;yybusinessMapperCustom&apos;
DEBUG [main] - Returning cached instance of singleton bean &apos;org.springframework.aop.support.DefaultBeanFactoryPointcutAdvisor#0&apos;
DEBUG [main] - Eagerly caching bean &apos;yybusinessMapperCustom&apos; to allow for resolving potential circular references
DEBUG [main] - Returning cached instance of singleton bean &apos;sqlSessionFactory&apos;
DEBUG [main] - Invoking afterPropertiesSet() on bean with name &apos;yybusinessMapperCustom&apos;
DEBUG [main] - Returning cached instance of singleton bean &apos;org.springframework.aop.support.DefaultBeanFactoryPointcutAdvisor#0&apos;
DEBUG [main] - Returning cached instance of singleton bean &apos;org.springframework.aop.support.DefaultBeanFactoryPointcutAdvisor#0&apos;
DEBUG [main] - Finished creating instance of bean &apos;yybusinessMapperCustom&apos;
DEBUG [main] - Creating shared instance of singleton bean &apos;yycgdMapper&apos;
DEBUG [main] - Creating instance of bean &apos;yycgdMapper&apos;
DEBUG [main] - Returning cached instance of singleton bean &apos;org.springframework.aop.support.DefaultBeanFactoryPointcutAdvisor#0&apos;
DEBUG [main] - Eagerly caching bean &apos;yycgdMapper&apos; to allow for resolving potential circular references
DEBUG [main] - Returning cached instance of singleton bean &apos;sqlSessionFactory&apos;
DEBUG [main] - Invoking afterPropertiesSet() on bean with name &apos;yycgdMapper&apos;
DEBUG [main] - Returning cached instance of singleton bean &apos;org.springframework.aop.support.DefaultBeanFactoryPointcutAdvisor#0&apos;
DEBUG [main] - Returning cached instance of singleton bean &apos;org.springframework.aop.support.DefaultBeanFactoryPointcutAdvisor#0&apos;
DEBUG [main] - Finished creating instance of bean &apos;yycgdMapper&apos;
DEBUG [main] - Creating shared instance of singleton bean &apos;yycgdMapperCustom&apos;
DEBUG [main] - Creating instance of bean &apos;yycgdMapperCustom&apos;
DEBUG [main] - Returning cached instance of singleton bean &apos;org.springframework.aop.support.DefaultBeanFactoryPointcutAdvisor#0&apos;
DEBUG [main] - Eagerly caching bean &apos;yycgdMapperCustom&apos; to allow for resolving potential circular references
DEBUG [main] - Returning cached instance of singleton bean &apos;sqlSessionFactory&apos;
DEBUG [main] - Invoking afterPropertiesSet() on bean with name &apos;yycgdMapperCustom&apos;
DEBUG [main] - Returning cached instance of singleton bean &apos;org.springframework.aop.support.DefaultBeanFactoryPointcutAdvisor#0&apos;
DEBUG [main] - Returning cached instance of singleton bean &apos;org.springframework.aop.support.DefaultBeanFactoryPointcutAdvisor#0&apos;
DEBUG [main] - Finished creating instance of bean &apos;yycgdMapperCustom&apos;
DEBUG [main] - Creating shared instance of singleton bean &apos;yycgdmxMapper&apos;
DEBUG [main] - Creating instance of bean &apos;yycgdmxMapper&apos;
DEBUG [main] - Returning cached instance of singleton bean &apos;org.springframework.aop.support.DefaultBeanFactoryPointcutAdvisor#0&apos;
DEBUG [main] - Eagerly caching bean &apos;yycgdmxMapper&apos; to allow for resolving potential circular references
DEBUG [main] - Returning cached instance of singleton bean &apos;sqlSessionFactory&apos;
DEBUG [main] - Invoking afterPropertiesSet() on bean with name &apos;yycgdmxMapper&apos;
DEBUG [main] - Returning cached instance of singleton bean &apos;org.springframework.aop.support.DefaultBeanFactoryPointcutAdvisor#0&apos;
DEBUG [main] - Returning cached instance of singleton bean &apos;org.springframework.aop.support.DefaultBeanFactoryPointcutAdvisor#0&apos;
DEBUG [main] - Finished creating instance of bean &apos;yycgdmxMapper&apos;
DEBUG [main] - Creating shared instance of singleton bean &apos;yycgdrkMapper&apos;
DEBUG [main] - Creating instance of bean &apos;yycgdrkMapper&apos;
DEBUG [main] - Returning cached instance of singleton bean &apos;org.springframework.aop.support.DefaultBeanFactoryPointcutAdvisor#0&apos;
DEBUG [main] - Eagerly caching bean &apos;yycgdrkMapper&apos; to allow for resolving potential circular references
DEBUG [main] - Returning cached instance of singleton bean &apos;sqlSessionFactory&apos;
DEBUG [main] - Invoking afterPropertiesSet() on bean with name &apos;yycgdrkMapper&apos;
DEBUG [main] - Returning cached instance of singleton bean &apos;org.springframework.aop.support.DefaultBeanFactoryPointcutAdvisor#0&apos;
DEBUG [main] - Returning cached instance of singleton bean &apos;org.springframework.aop.support.DefaultBeanFactoryPointcutAdvisor#0&apos;
DEBUG [main] - Finished creating instance of bean &apos;yycgdrkMapper&apos;
DEBUG [main] - Returning cached instance of singleton bean &apos;org.springframework.context.annotation.internalConfigurationAnnotationProcessor&apos;
DEBUG [main] - Returning cached instance of singleton bean &apos;org.springframework.context.annotation.internalAutowiredAnnotationProcessor&apos;
DEBUG [main] - Returning cached instance of singleton bean &apos;org.springframework.context.annotation.internalRequiredAnnotationProcessor&apos;
DEBUG [main] - Returning cached instance of singleton bean &apos;org.springframework.context.annotation.internalCommonAnnotationProcessor&apos;
DEBUG [main] - Unable to locate LifecycleProcessor with name &apos;lifecycleProcessor&apos;: using default [org.springframework.context.support.DefaultLifecycleProcessor@5acad437]
DEBUG [main] - Returning cached instance of singleton bean &apos;lifecycleProcessor&apos;
DEBUG [main] - Returning cached instance of singleton bean &apos;sqlSessionFactory&apos;
DEBUG [main] - Returning cached instance of singleton bean &apos;sysuserMapper&apos;
DEBUG [main] - Returning cached instance of singleton bean &apos;org.springframework.aop.support.DefaultBeanFactoryPointcutAdvisor#0&apos;
DEBUG [main] - Returning cached instance of singleton bean &apos;org.springframework.aop.support.DefaultBeanFactoryPointcutAdvisor#0&apos;
DEBUG [main] - Creating a new SqlSession
DEBUG [main] - SqlSession [org.apache.ibatis.session.defaults.DefaultSqlSession@3a329572] was not registered for synchronization because synchronization is not active
DEBUG [main] - Fetching JDBC Connection from DataSource
DEBUG [main] - JDBC Connection [jdbc:oracle:thin:@127.0.0.1:1521:oracle, UserName=YYCG, Oracle JDBC driver] will not be managed by Spring
DEBUG [main] - ooo Using Connection [jdbc:oracle:thin:@127.0.0.1:1521:oracle, UserName=YYCG, Oracle JDBC driver]
DEBUG [main] - ==&gt;  Preparing: select ID, USERID, USERNAME, GROUPID, PWD, CONTACT, ADDR, EMAIL, USERSTATE, REMARK, CREATETIME, SEX, PHONE, MOVEPHONE, FAX, LASTUPDATE, VCHAR1, VCHAR2, VCHAR3, VCHAR4, VCHAR5, SYSID from SYSUSER where ID = ? 
DEBUG [main] - ==&gt; Parameters: 18e6c4bc2f3244bfa146ec6e3f73919a(String)
DEBUG [main] - &lt;==      Total: 0
DEBUG [main] - Closing non transactional SqlSession [org.apache.ibatis.session.defaults.DefaultSqlSession@3a329572]
DEBUG [main] - Returning JDBC Connection to DataSource
</system-out>
  </testcase>
  <testcase time="0.728" classname="yycg.base.dao.mapper.SysuserMapperTest" name="testSetPwd"/>
</testsuite>