-------------------------------------------------------------------------------
Test set: yycg.base.dao.mapper.SysuserMapperTest
-------------------------------------------------------------------------------
Tests run: 6, Failures: 0, Errors: 3, Skipped: 0, Time elapsed: 3.229 sec <<< FAILURE!
testInsert(yycg.base.dao.mapper.SysuserMapperTest)  Time elapsed: 0.776 sec  <<< ERROR!
org.springframework.dao.DataIntegrityViolationException: 
### Error updating database.  Cause: java.sql.SQLException: ORA-01400: 无法将 NULL 插入 ("YYCG"."SYSUSER"."USERID")

### The error may involve yycg.base.dao.mapper.SysuserMapper.insert-Inline
### The error occurred while setting parameters
### SQL: insert into SYSUSER (ID, USERID, USERNAME,        GROUPID, PWD, CONTACT,        ADDR, EMAIL, USERSTATE,        REMARK, CREATETIME, SEX,        PHONE, MOVEPHONE, FAX,        LASTUPDATE, VCHAR1, VCHAR2,        VCHAR3, VCHAR4, VCHAR5,        SYSID)     values (?, ?, ?,        ?, ?, ?,        ?, ?, ?,        ?, ?, ?,        ?, ?, ?,        ?, ?, ?,        ?, ?, ?,        ?)
### Cause: java.sql.SQLException: ORA-01400: 无法将 NULL 插入 ("YYCG"."SYSUSER"."USERID")
; SQL []; ORA-01400: 无法将 NULL 插入 ("YYCG"."SYSUSER"."USERID")
; nested exception is java.sql.SQLException: ORA-01400: 无法将 NULL 插入 ("YYCG"."SYSUSER"."USERID")

	at org.springframework.jdbc.support.SQLErrorCodeSQLExceptionTranslator.doTranslate(SQLErrorCodeSQLExceptionTranslator.java:245)
	at org.springframework.jdbc.support.AbstractFallbackSQLExceptionTranslator.translate(AbstractFallbackSQLExceptionTranslator.java:72)
	at org.mybatis.spring.MyBatisExceptionTranslator.translateExceptionIfPossible(MyBatisExceptionTranslator.java:73)
	at org.mybatis.spring.SqlSessionTemplate$SqlSessionInterceptor.invoke(SqlSessionTemplate.java:371)
	at com.sun.proxy.$Proxy5.insert(Unknown Source)
	at org.mybatis.spring.SqlSessionTemplate.insert(SqlSessionTemplate.java:240)
	at org.apache.ibatis.binding.MapperMethod.execute(MapperMethod.java:46)
	at org.apache.ibatis.binding.MapperProxy.invoke(MapperProxy.java:43)
	at com.sun.proxy.$Proxy6.insert(Unknown Source)
	at yycg.base.dao.mapper.SysuserMapperTest.testInsert(SysuserMapperTest.java:44)
Caused by: java.sql.SQLException: ORA-01400: 无法将 NULL 插入 ("YYCG"."SYSUSER"."USERID")

	at oracle.jdbc.driver.DatabaseError.throwSqlException(DatabaseError.java:112)
	at oracle.jdbc.driver.T4CTTIoer.processError(T4CTTIoer.java:331)
	at oracle.jdbc.driver.T4CTTIoer.processError(T4CTTIoer.java:288)
	at oracle.jdbc.driver.T4C8Oall.receive(T4C8Oall.java:743)
	at oracle.jdbc.driver.T4CPreparedStatement.doOall8(T4CPreparedStatement.java:213)
	at oracle.jdbc.driver.T4CPreparedStatement.executeForRows(T4CPreparedStatement.java:952)
	at oracle.jdbc.driver.OracleStatement.doExecuteWithTimeout(OracleStatement.java:1160)
	at oracle.jdbc.driver.OraclePreparedStatement.executeInternal(OraclePreparedStatement.java:3285)
	at oracle.jdbc.driver.OraclePreparedStatement.execute(OraclePreparedStatement.java:3390)
	at org.apache.commons.dbcp.DelegatingPreparedStatement.execute(DelegatingPreparedStatement.java:169)
	at sun.reflect.NativeMethodAccessorImpl.invoke0(Native Method)
	at sun.reflect.NativeMethodAccessorImpl.invoke(NativeMethodAccessorImpl.java:39)
	at sun.reflect.DelegatingMethodAccessorImpl.invoke(DelegatingMethodAccessorImpl.java:25)
	at java.lang.reflect.Method.invoke(Method.java:597)
	at org.apache.ibatis.logging.jdbc.PreparedStatementLogger.invoke(PreparedStatementLogger.java:55)
	at com.sun.proxy.$Proxy8.execute(Unknown Source)
	at org.apache.ibatis.executor.statement.PreparedStatementHandler.update(PreparedStatementHandler.java:41)
	at org.apache.ibatis.executor.statement.RoutingStatementHandler.update(RoutingStatementHandler.java:66)
	at org.apache.ibatis.executor.SimpleExecutor.doUpdate(SimpleExecutor.java:45)
	at org.apache.ibatis.executor.BaseExecutor.update(BaseExecutor.java:100)
	at org.apache.ibatis.executor.CachingExecutor.update(CachingExecutor.java:75)
	at org.apache.ibatis.session.defaults.DefaultSqlSession.update(DefaultSqlSession.java:148)
	at org.apache.ibatis.session.defaults.DefaultSqlSession.insert(DefaultSqlSession.java:137)
	at sun.reflect.NativeMethodAccessorImpl.invoke0(Native Method)
	at sun.reflect.NativeMethodAccessorImpl.invoke(NativeMethodAccessorImpl.java:39)
	at sun.reflect.DelegatingMethodAccessorImpl.invoke(DelegatingMethodAccessorImpl.java:25)
	at java.lang.reflect.Method.invoke(Method.java:597)
	at org.mybatis.spring.SqlSessionTemplate$SqlSessionInterceptor.invoke(SqlSessionTemplate.java:358)
	... 34 more

testSelectByExample(yycg.base.dao.mapper.SysuserMapperTest)  Time elapsed: 0.331 sec  <<< ERROR!
java.lang.IndexOutOfBoundsException: Index: 0, Size: 0
	at java.util.ArrayList.RangeCheck(ArrayList.java:547)
	at java.util.ArrayList.get(ArrayList.java:322)
	at yycg.base.dao.mapper.SysuserMapperTest.testSelectByExample(SysuserMapperTest.java:57)

testUpdateByPrimaryKey(yycg.base.dao.mapper.SysuserMapperTest)  Time elapsed: 0.308 sec  <<< ERROR!
java.lang.NullPointerException
	at yycg.base.dao.mapper.SysuserMapperTest.testUpdateByPrimaryKey(SysuserMapperTest.java:82)

